"QUERY PLAN"
"Finalize GroupAggregate  (cost=230004.83..230006.79 rows=6 width=236)"
"  Output: l_returnflag, l_linestatus, sum(l_quantity), sum(l_extendedprice), sum((l_extendedprice * ('1'::numeric - l_discount))), sum(((l_extendedprice * ('1'::numeric - l_discount)) * ('1'::numeric + l_tax))), avg(l_quantity), avg(l_extendedprice), avg(l_discount), count(*)"
"  Group Key: lineitem.l_returnflag, lineitem.l_linestatus"
"  ->  Gather Merge  (cost=230004.83..230006.23 rows=12 width=236)"
"        Output: l_returnflag, l_linestatus, (PARTIAL sum(l_quantity)), (PARTIAL sum(l_extendedprice)), (PARTIAL sum((l_extendedprice * ('1'::numeric - l_discount)))), (PARTIAL sum(((l_extendedprice * ('1'::numeric - l_discount)) * ('1'::numeric + l_tax)))), (PARTIAL avg(l_quantity)), (PARTIAL avg(l_extendedprice)), (PARTIAL avg(l_discount)), (PARTIAL count(*))"
"        Workers Planned: 2"
"        ->  Sort  (cost=229004.81..229004.82 rows=6 width=236)"
"              Output: l_returnflag, l_linestatus, (PARTIAL sum(l_quantity)), (PARTIAL sum(l_extendedprice)), (PARTIAL sum((l_extendedprice * ('1'::numeric - l_discount)))), (PARTIAL sum(((l_extendedprice * ('1'::numeric - l_discount)) * ('1'::numeric + l_tax)))), (PARTIAL avg(l_quantity)), (PARTIAL avg(l_extendedprice)), (PARTIAL avg(l_discount)), (PARTIAL count(*))"
"              Sort Key: lineitem.l_returnflag, lineitem.l_linestatus"
"              ->  Partial HashAggregate  (cost=229004.60..229004.73 rows=6 width=236)"
"                    Output: l_returnflag, l_linestatus, PARTIAL sum(l_quantity), PARTIAL sum(l_extendedprice), PARTIAL sum((l_extendedprice * ('1'::numeric - l_discount))), PARTIAL sum(((l_extendedprice * ('1'::numeric - l_discount)) * ('1'::numeric + l_tax))), PARTIAL avg(l_quantity), PARTIAL avg(l_extendedprice), PARTIAL avg(l_discount), PARTIAL count(*)"
"                    Group Key: lineitem.l_returnflag, lineitem.l_linestatus"
"                    ->  Parallel Seq Scan on public.lineitem  (cost=0.00..143753.63 rows=2435742 width=25)"
"                          Output: l_orderkey, l_partkey, l_suppkey, l_linenumber, l_quantity, l_extendedprice, l_discount, l_tax, l_returnflag, l_linestatus, l_shipdate, l_commitdate, l_receiptdate, l_shipinstruct, l_shipmode, l_comment"
"                          Filter: (lineitem.l_shipdate <= '1998-08-03 00:00:00'::timestamp without time zone)"
