[
    [
        [
            {
                "Plan": {
                    "Node Type": "Limit",
                    "Parallel Aware": false,
                    "Async Capable": false,
                    "Startup Cost": 255159.39,
                    "Total Cost": 255159.44,
                    "Plan Rows": 20,
                    "Plan Width": 280,
                    "Actual Startup Time": 6434.862,
                    "Actual Total Time": 6434.875,
                    "Actual Rows": 20,
                    "Actual Loops": 1,
                    "Output": [
                        "customer.c_custkey",
                        "customer.c_name",
                        "(sum((lineitem.l_extendedprice * ('1'::numeric - lineitem.l_discount))))",
                        "customer.c_acctbal",
                        "nation.n_name",
                        "customer.c_address",
                        "customer.c_phone",
                        "customer.c_comment"
                    ],
                    "Plans": [
                        {
                            "Node Type": "Sort",
                            "Parent Relationship": "Outer",
                            "Parallel Aware": false,
                            "Async Capable": false,
                            "Startup Cost": 255159.39,
                            "Total Cost": 255304.82,
                            "Plan Rows": 58173,
                            "Plan Width": 280,
                            "Actual Startup Time": 6434.86,
                            "Actual Total Time": 6434.869,
                            "Actual Rows": 20,
                            "Actual Loops": 1,
                            "Output": [
                                "customer.c_custkey",
                                "customer.c_name",
                                "(sum((lineitem.l_extendedprice * ('1'::numeric - lineitem.l_discount))))",
                                "customer.c_acctbal",
                                "nation.n_name",
                                "customer.c_address",
                                "customer.c_phone",
                                "customer.c_comment"
                            ],
                            "Sort Key": [
                                "(sum((lineitem.l_extendedprice * ('1'::numeric - lineitem.l_discount)))) DESC"
                            ],
                            "Sort Method": "top-N heapsort",
                            "Sort Space Used": 33,
                            "Sort Space Type": "Memory",
                            "Plans": [
                                {
                                    "Node Type": "Aggregate",
                                    "Strategy": "Sorted",
                                    "Partial Mode": "Simple",
                                    "Parent Relationship": "Outer",
                                    "Parallel Aware": false,
                                    "Async Capable": false,
                                    "Startup Cost": 239346.28,
                                    "Total Cost": 253611.42,
                                    "Plan Rows": 58173,
                                    "Plan Width": 280,
                                    "Actual Startup Time": 5679.219,
                                    "Actual Total Time": 6402.006,
                                    "Actual Rows": 37065,
                                    "Actual Loops": 1,
                                    "Output": [
                                        "customer.c_custkey",
                                        "customer.c_name",
                                        "sum((lineitem.l_extendedprice * ('1'::numeric - lineitem.l_discount)))",
                                        "customer.c_acctbal",
                                        "nation.n_name",
                                        "customer.c_address",
                                        "customer.c_phone",
                                        "customer.c_comment"
                                    ],
                                    "Group Key": [
                                        "customer.c_custkey",
                                        "nation.n_name"
                                    ],
                                    "Plans": [
                                        {
                                            "Node Type": "Incremental Sort",
                                            "Parent Relationship": "Outer",
                                            "Parallel Aware": false,
                                            "Async Capable": false,
                                            "Startup Cost": 239346.28,
                                            "Total Cost": 252157.1,
                                            "Plan Rows": 58173,
                                            "Plan Width": 260,
                                            "Actual Startup Time": 5679.158,
                                            "Actual Total Time": 6180.504,
                                            "Actual Rows": 110758,
                                            "Actual Loops": 1,
                                            "Output": [
                                                "customer.c_custkey",
                                                "nation.n_name",
                                                "customer.c_name",
                                                "lineitem.l_extendedprice",
                                                "lineitem.l_discount",
                                                "customer.c_acctbal",
                                                "customer.c_address",
                                                "customer.c_phone",
                                                "customer.c_comment"
                                            ],
                                            "Sort Key": [
                                                "customer.c_custkey",
                                                "nation.n_name"
                                            ],
                                            "Presorted Key": [
                                                "customer.c_custkey"
                                            ],
                                            "Full-sort Groups": {
                                                "Group Count": 3298,
                                                "Sort Methods Used": [
                                                    "quicksort"
                                                ],
                                                "Sort Space Memory": {
                                                    "Average Sort Space Used": 32,
                                                    "Peak Sort Space Used": 32
                                                }
                                            },
                                            "Plans": [
                                                {
                                                    "Node Type": "Nested Loop",
                                                    "Parent Relationship": "Outer",
                                                    "Parallel Aware": false,
                                                    "Async Capable": false,
                                                    "Join Type": "Inner",
                                                    "Startup Cost": 239346.1,
                                                    "Total Cost": 249539.31,
                                                    "Plan Rows": 58173,
                                                    "Plan Width": 260,
                                                    "Actual Startup Time": 5678.951,
                                                    "Actual Total Time": 6072.085,
                                                    "Actual Rows": 110758,
                                                    "Actual Loops": 1,
                                                    "Output": [
                                                        "customer.c_custkey",
                                                        "nation.n_name",
                                                        "customer.c_name",
                                                        "lineitem.l_extendedprice",
                                                        "lineitem.l_discount",
                                                        "customer.c_acctbal",
                                                        "customer.c_address",
                                                        "customer.c_phone",
                                                        "customer.c_comment"
                                                    ],
                                                    "Inner Unique": true,
                                                    "Plans": [
                                                        {
                                                            "Node Type": "Merge Join",
                                                            "Parent Relationship": "Outer",
                                                            "Parallel Aware": false,
                                                            "Async Capable": false,
                                                            "Join Type": "Inner",
                                                            "Startup Cost": 239345.94,
                                                            "Total Cost": 248089.74,
                                                            "Plan Rows": 58173,
                                                            "Plan Width": 160,
                                                            "Actual Startup Time": 5678.773,
                                                            "Actual Total Time": 5957.648,
                                                            "Actual Rows": 110758,
                                                            "Actual Loops": 1,
                                                            "Output": [
                                                                "customer.c_custkey",
                                                                "customer.c_name",
                                                                "customer.c_acctbal",
                                                                "customer.c_address",
                                                                "customer.c_phone",
                                                                "customer.c_comment",
                                                                "customer.c_nationkey",
                                                                "lineitem.l_extendedprice",
                                                                "lineitem.l_discount"
                                                            ],
                                                            "Inner Unique": false,
                                                            "Merge Cond": "(customer.c_custkey = orders.o_custkey)",
                                                            "Plans": [
                                                                {
                                                                    "Node Type": "Index Scan",
                                                                    "Parent Relationship": "Outer",
                                                                    "Parallel Aware": false,
                                                                    "Async Capable": false,
                                                                    "Scan Direction": "Forward",
                                                                    "Index Name": "customer_pkey",
                                                                    "Relation Name": "customer",
                                                                    "Schema": "public",
                                                                    "Alias": "customer",
                                                                    "Startup Cost": 0.42,
                                                                    "Total Cost": 7497.54,
                                                                    "Plan Rows": 150000,
                                                                    "Plan Width": 148,
                                                                    "Actual Startup Time": 0.006,
                                                                    "Actual Total Time": 150.895,
                                                                    "Actual Rows": 149999,
                                                                    "Actual Loops": 1,
                                                                    "Output": [
                                                                        "customer.c_custkey",
                                                                        "customer.c_name",
                                                                        "customer.c_address",
                                                                        "customer.c_nationkey",
                                                                        "customer.c_phone",
                                                                        "customer.c_acctbal",
                                                                        "customer.c_mktsegment",
                                                                        "customer.c_comment"
                                                                    ]
                                                                },
                                                                {
                                                                    "Node Type": "Sort",
                                                                    "Parent Relationship": "Inner",
                                                                    "Parallel Aware": false,
                                                                    "Async Capable": false,
                                                                    "Startup Cost": 239344.63,
                                                                    "Total Cost": 239490.06,
                                                                    "Plan Rows": 58173,
                                                                    "Plan Width": 16,
                                                                    "Actual Startup Time": 5678.735,
                                                                    "Actual Total Time": 5709.607,
                                                                    "Actual Rows": 110758,
                                                                    "Actual Loops": 1,
                                                                    "Output": [
                                                                        "orders.o_custkey",
                                                                        "lineitem.l_extendedprice",
                                                                        "lineitem.l_discount"
                                                                    ],
                                                                    "Sort Key": [
                                                                        "orders.o_custkey"
                                                                    ],
                                                                    "Sort Method": "external sort",
                                                                    "Sort Space Used": 3416,
                                                                    "Sort Space Type": "Disk",
                                                                    "Plans": [
                                                                        {
                                                                            "Node Type": "Hash Join",
                                                                            "Parent Relationship": "Outer",
                                                                            "Parallel Aware": false,
                                                                            "Async Capable": false,
                                                                            "Join Type": "Inner",
                                                                            "Startup Cost": 43213.13,
                                                                            "Total Cost": 234740.8,
                                                                            "Plan Rows": 58173,
                                                                            "Plan Width": 16,
                                                                            "Actual Startup Time": 719.568,
                                                                            "Actual Total Time": 5505.993,
                                                                            "Actual Rows": 110758,
                                                                            "Actual Loops": 1,
                                                                            "Output": [
                                                                                "orders.o_custkey",
                                                                                "lineitem.l_extendedprice",
                                                                                "lineitem.l_discount"
                                                                            ],
                                                                            "Inner Unique": true,
                                                                            "Hash Cond": "(lineitem.l_orderkey = orders.o_orderkey)",
                                                                            "Plans": [
                                                                                {
                                                                                    "Node Type": "Seq Scan",
                                                                                    "Parent Relationship": "Outer",
                                                                                    "Parallel Aware": false,
                                                                                    "Async Capable": false,
                                                                                    "Relation Name": "lineitem",
                                                                                    "Schema": "public",
                                                                                    "Alias": "lineitem",
                                                                                    "Startup Cost": 0.0,
                                                                                    "Total Cost": 187512.67,
                                                                                    "Plan Rows": 1529520,
                                                                                    "Plan Width": 16,
                                                                                    "Actual Startup Time": 0.13,
                                                                                    "Actual Total Time": 4106.035,
                                                                                    "Actual Rows": 1479477,
                                                                                    "Actual Loops": 1,
                                                                                    "Output": [
                                                                                        "lineitem.l_orderkey",
                                                                                        "lineitem.l_partkey",
                                                                                        "lineitem.l_suppkey",
                                                                                        "lineitem.l_linenumber",
                                                                                        "lineitem.l_quantity",
                                                                                        "lineitem.l_extendedprice",
                                                                                        "lineitem.l_discount",
                                                                                        "lineitem.l_tax",
                                                                                        "lineitem.l_returnflag",
                                                                                        "lineitem.l_linestatus",
                                                                                        "lineitem.l_shipdate",
                                                                                        "lineitem.l_commitdate",
                                                                                        "lineitem.l_receiptdate",
                                                                                        "lineitem.l_shipinstruct",
                                                                                        "lineitem.l_shipmode",
                                                                                        "lineitem.l_comment"
                                                                                    ],
                                                                                    "Filter": "(lineitem.l_returnflag = 'R'::bpchar)",
                                                                                    "Rows Removed by Filter": 4521738
                                                                                },
                                                                                {
                                                                                    "Node Type": "Hash",
                                                                                    "Parent Relationship": "Inner",
                                                                                    "Parallel Aware": false,
                                                                                    "Async Capable": false,
                                                                                    "Startup Cost": 42500.0,
                                                                                    "Total Cost": 42500.0,
                                                                                    "Plan Rows": 57050,
                                                                                    "Plan Width": 8,
                                                                                    "Actual Startup Time": 718.59,
                                                                                    "Actual Total Time": 718.591,
                                                                                    "Actual Rows": 55266,
                                                                                    "Actual Loops": 1,
                                                                                    "Output": [
                                                                                        "orders.o_custkey",
                                                                                        "orders.o_orderkey"
                                                                                    ],
                                                                                    "Hash Buckets": 65536,
                                                                                    "Original Hash Buckets": 65536,
                                                                                    "Hash Batches": 1,
                                                                                    "Original Hash Batches": 1,
                                                                                    "Peak Memory Usage": 2671,
                                                                                    "Plans": [
                                                                                        {
                                                                                            "Node Type": "Seq Scan",
                                                                                            "Parent Relationship": "Outer",
                                                                                            "Parallel Aware": false,
                                                                                            "Async Capable": false,
                                                                                            "Relation Name": "orders",
                                                                                            "Schema": "public",
                                                                                            "Alias": "orders",
                                                                                            "Startup Cost": 0.0,
                                                                                            "Total Cost": 42500.0,
                                                                                            "Plan Rows": 57050,
                                                                                            "Plan Width": 8,
                                                                                            "Actual Startup Time": 0.023,
                                                                                            "Actual Total Time": 675.334,
                                                                                            "Actual Rows": 55266,
                                                                                            "Actual Loops": 1,
                                                                                            "Output": [
                                                                                                "orders.o_custkey",
                                                                                                "orders.o_orderkey"
                                                                                            ],
                                                                                            "Filter": "((orders.o_orderdate >= '1993-02-01'::date) AND (orders.o_orderdate < '1993-05-01 00:00:00'::timestamp without time zone))",
                                                                                            "Rows Removed by Filter": 1444734
                                                                                        }
                                                                                    ]
                                                                                }
                                                                            ]
                                                                        }
                                                                    ]
                                                                }
                                                            ]
                                                        },
                                                        {
                                                            "Node Type": "Memoize",
                                                            "Parent Relationship": "Inner",
                                                            "Parallel Aware": false,
                                                            "Async Capable": false,
                                                            "Startup Cost": 0.15,
                                                            "Total Cost": 0.17,
                                                            "Plan Rows": 1,
                                                            "Plan Width": 108,
                                                            "Actual Startup Time": 0.0,
                                                            "Actual Total Time": 0.0,
                                                            "Actual Rows": 1,
                                                            "Actual Loops": 110758,
                                                            "Output": [
                                                                "nation.n_name",
                                                                "nation.n_nationkey"
                                                            ],
                                                            "Cache Key": "customer.c_nationkey",
                                                            "Cache Mode": "logical",
                                                            "Cache Hits": 110757,
                                                            "Cache Misses": 1,
                                                            "Cache Evictions": 0,
                                                            "Cache Overflows": 0,
                                                            "Peak Memory Usage": 1,
                                                            "Plans": [
                                                                {
                                                                    "Node Type": "Index Scan",
                                                                    "Parent Relationship": "Outer",
                                                                    "Parallel Aware": false,
                                                                    "Async Capable": false,
                                                                    "Scan Direction": "Forward",
                                                                    "Index Name": "nation_pkey",
                                                                    "Relation Name": "nation",
                                                                    "Schema": "public",
                                                                    "Alias": "nation",
                                                                    "Startup Cost": 0.14,
                                                                    "Total Cost": 0.16,
                                                                    "Plan Rows": 1,
                                                                    "Plan Width": 108,
                                                                    "Actual Startup Time": 0.143,
                                                                    "Actual Total Time": 0.143,
                                                                    "Actual Rows": 1,
                                                                    "Actual Loops": 1,
                                                                    "Output": [
                                                                        "nation.n_name",
                                                                        "nation.n_nationkey"
                                                                    ],
                                                                    "Index Cond": "(nation.n_nationkey = customer.c_nationkey)",
                                                                    "Rows Removed by Index Recheck": 0
                                                                }
                                                            ]
                                                        }
                                                    ]
                                                }
                                            ]
                                        }
                                    ]
                                }
                            ]
                        }
                    ]
                },
                "Planning Time": 12.427,
                "Triggers": [],
                "Execution Time": 6439.095
            }
        ]
    ]
]