[
    [
        [
            {
                "Plan": {
                    "Node Type": "Sort",
                    "Parallel Aware": false,
                    "Async Capable": false,
                    "Startup Cost": 57922.2,
                    "Total Cost": 57926.12,
                    "Plan Rows": 1569,
                    "Plan Width": 36,
                    "Actual Startup Time": 1314.556,
                    "Actual Total Time": 1314.586,
                    "Actual Rows": 135,
                    "Actual Loops": 1,
                    "Output": [
                        "partsupp.ps_partkey",
                        "(sum((partsupp.ps_supplycost * (partsupp.ps_availqty)::numeric)))"
                    ],
                    "Sort Key": [
                        "(sum((partsupp.ps_supplycost * (partsupp.ps_availqty)::numeric))) DESC"
                    ],
                    "Sort Method": "quicksort",
                    "Sort Space Used": 32,
                    "Sort Space Type": "Memory",
                    "Plans": [
                        {
                            "Node Type": "Aggregate",
                            "Strategy": "Plain",
                            "Partial Mode": "Simple",
                            "Parent Relationship": "InitPlan",
                            "Subplan Name": "InitPlan 1 (returns $0)",
                            "Parallel Aware": false,
                            "Async Capable": false,
                            "Startup Cost": 28878.28,
                            "Total Cost": 28878.29,
                            "Plan Rows": 1,
                            "Plan Width": 32,
                            "Actual Startup Time": 622.58,
                            "Actual Total Time": 622.587,
                            "Actual Rows": 1,
                            "Actual Loops": 1,
                            "Output": [
                                "(sum((partsupp_1.ps_supplycost * (partsupp_1.ps_availqty)::numeric)) * 0.0001000000)"
                            ],
                            "Plans": [
                                {
                                    "Node Type": "Hash Join",
                                    "Parent Relationship": "Outer",
                                    "Parallel Aware": false,
                                    "Async Capable": false,
                                    "Join Type": "Inner",
                                    "Startup Cost": 344.78,
                                    "Total Cost": 28842.98,
                                    "Plan Rows": 4706,
                                    "Plan Width": 10,
                                    "Actual Startup Time": 4.858,
                                    "Actual Total Time": 588.748,
                                    "Actual Rows": 33200,
                                    "Actual Loops": 1,
                                    "Output": [
                                        "partsupp_1.ps_supplycost",
                                        "partsupp_1.ps_availqty"
                                    ],
                                    "Inner Unique": false,
                                    "Hash Cond": "(partsupp_1.ps_suppkey = supplier_1.s_suppkey)",
                                    "Plans": [
                                        {
                                            "Node Type": "Seq Scan",
                                            "Parent Relationship": "Outer",
                                            "Parallel Aware": false,
                                            "Async Capable": false,
                                            "Relation Name": "partsupp",
                                            "Schema": "public",
                                            "Alias": "partsupp_1",
                                            "Startup Cost": 0.0,
                                            "Total Cost": 25451.0,
                                            "Plan Rows": 800000,
                                            "Plan Width": 14,
                                            "Actual Startup Time": 0.028,
                                            "Actual Total Time": 375.911,
                                            "Actual Rows": 800000,
                                            "Actual Loops": 1,
                                            "Output": [
                                                "partsupp_1.ps_partkey",
                                                "partsupp_1.ps_suppkey",
                                                "partsupp_1.ps_availqty",
                                                "partsupp_1.ps_supplycost",
                                                "partsupp_1.ps_comment"
                                            ]
                                        },
                                        {
                                            "Node Type": "Hash",
                                            "Parent Relationship": "Inner",
                                            "Parallel Aware": false,
                                            "Async Capable": false,
                                            "Startup Cost": 344.04,
                                            "Total Cost": 344.04,
                                            "Plan Rows": 59,
                                            "Plan Width": 4,
                                            "Actual Startup Time": 4.696,
                                            "Actual Total Time": 4.7,
                                            "Actual Rows": 415,
                                            "Actual Loops": 1,
                                            "Output": [
                                                "supplier_1.s_suppkey"
                                            ],
                                            "Hash Buckets": 1024,
                                            "Original Hash Buckets": 1024,
                                            "Hash Batches": 1,
                                            "Original Hash Batches": 1,
                                            "Peak Memory Usage": 23,
                                            "Plans": [
                                                {
                                                    "Node Type": "Hash Join",
                                                    "Parent Relationship": "Outer",
                                                    "Parallel Aware": false,
                                                    "Async Capable": false,
                                                    "Join Type": "Inner",
                                                    "Startup Cost": 12.14,
                                                    "Total Cost": 344.04,
                                                    "Plan Rows": 59,
                                                    "Plan Width": 4,
                                                    "Actual Startup Time": 0.085,
                                                    "Actual Total Time": 4.546,
                                                    "Actual Rows": 415,
                                                    "Actual Loops": 1,
                                                    "Output": [
                                                        "supplier_1.s_suppkey"
                                                    ],
                                                    "Inner Unique": true,
                                                    "Hash Cond": "(supplier_1.s_nationkey = nation_1.n_nationkey)",
                                                    "Plans": [
                                                        {
                                                            "Node Type": "Seq Scan",
                                                            "Parent Relationship": "Outer",
                                                            "Parallel Aware": false,
                                                            "Async Capable": false,
                                                            "Relation Name": "supplier",
                                                            "Schema": "public",
                                                            "Alias": "supplier_1",
                                                            "Startup Cost": 0.0,
                                                            "Total Cost": 305.0,
                                                            "Plan Rows": 10000,
                                                            "Plan Width": 8,
                                                            "Actual Startup Time": 0.018,
                                                            "Actual Total Time": 1.642,
                                                            "Actual Rows": 10000,
                                                            "Actual Loops": 1,
                                                            "Output": [
                                                                "supplier_1.s_suppkey",
                                                                "supplier_1.s_name",
                                                                "supplier_1.s_address",
                                                                "supplier_1.s_nationkey",
                                                                "supplier_1.s_phone",
                                                                "supplier_1.s_acctbal",
                                                                "supplier_1.s_comment"
                                                            ]
                                                        },
                                                        {
                                                            "Node Type": "Hash",
                                                            "Parent Relationship": "Inner",
                                                            "Parallel Aware": false,
                                                            "Async Capable": false,
                                                            "Startup Cost": 12.13,
                                                            "Total Cost": 12.13,
                                                            "Plan Rows": 1,
                                                            "Plan Width": 4,
                                                            "Actual Startup Time": 0.033,
                                                            "Actual Total Time": 0.035,
                                                            "Actual Rows": 1,
                                                            "Actual Loops": 1,
                                                            "Output": [
                                                                "nation_1.n_nationkey"
                                                            ],
                                                            "Hash Buckets": 1024,
                                                            "Original Hash Buckets": 1024,
                                                            "Hash Batches": 1,
                                                            "Original Hash Batches": 1,
                                                            "Peak Memory Usage": 9,
                                                            "Plans": [
                                                                {
                                                                    "Node Type": "Seq Scan",
                                                                    "Parent Relationship": "Outer",
                                                                    "Parallel Aware": false,
                                                                    "Async Capable": false,
                                                                    "Relation Name": "nation",
                                                                    "Schema": "public",
                                                                    "Alias": "nation_1",
                                                                    "Startup Cost": 0.0,
                                                                    "Total Cost": 12.13,
                                                                    "Plan Rows": 1,
                                                                    "Plan Width": 4,
                                                                    "Actual Startup Time": 0.019,
                                                                    "Actual Total Time": 0.026,
                                                                    "Actual Rows": 1,
                                                                    "Actual Loops": 1,
                                                                    "Output": [
                                                                        "nation_1.n_nationkey"
                                                                    ],
                                                                    "Filter": "(nation_1.n_name = 'EGYPT'::bpchar)",
                                                                    "Rows Removed by Filter": 24
                                                                }
                                                            ]
                                                        }
                                                    ]
                                                }
                                            ]
                                        }
                                    ]
                                }
                            ]
                        },
                        {
                            "Node Type": "Aggregate",
                            "Strategy": "Hashed",
                            "Partial Mode": "Simple",
                            "Parent Relationship": "Outer",
                            "Parallel Aware": false,
                            "Async Capable": false,
                            "Startup Cost": 28890.04,
                            "Total Cost": 28960.63,
                            "Plan Rows": 1569,
                            "Plan Width": 36,
                            "Actual Startup Time": 1254.333,
                            "Actual Total Time": 1314.281,
                            "Actual Rows": 135,
                            "Actual Loops": 1,
                            "Output": [
                                "partsupp.ps_partkey",
                                "sum((partsupp.ps_supplycost * (partsupp.ps_availqty)::numeric))"
                            ],
                            "Group Key": [
                                "partsupp.ps_partkey"
                            ],
                            "Filter": "(sum((partsupp.ps_supplycost * (partsupp.ps_availqty)::numeric)) > $0)",
                            "Planned Partitions": 0,
                            "HashAgg Batches": 5,
                            "Peak Memory Usage": 8241,
                            "Disk Usage": 704,
                            "Rows Removed by Filter": 30962,
                            "Plans": [
                                {
                                    "Node Type": "Hash Join",
                                    "Parent Relationship": "Outer",
                                    "Parallel Aware": false,
                                    "Async Capable": false,
                                    "Join Type": "Inner",
                                    "Startup Cost": 344.78,
                                    "Total Cost": 28842.98,
                                    "Plan Rows": 4706,
                                    "Plan Width": 14,
                                    "Actual Startup Time": 5.955,
                                    "Actual Total Time": 551.132,
                                    "Actual Rows": 33200,
                                    "Actual Loops": 1,
                                    "Output": [
                                        "partsupp.ps_partkey",
                                        "partsupp.ps_supplycost",
                                        "partsupp.ps_availqty"
                                    ],
                                    "Inner Unique": false,
                                    "Hash Cond": "(partsupp.ps_suppkey = supplier.s_suppkey)",
                                    "Plans": [
                                        {
                                            "Node Type": "Seq Scan",
                                            "Parent Relationship": "Outer",
                                            "Parallel Aware": false,
                                            "Async Capable": false,
                                            "Relation Name": "partsupp",
                                            "Schema": "public",
                                            "Alias": "partsupp",
                                            "Startup Cost": 0.0,
                                            "Total Cost": 25451.0,
                                            "Plan Rows": 800000,
                                            "Plan Width": 18,
                                            "Actual Startup Time": 0.097,
                                            "Actual Total Time": 338.502,
                                            "Actual Rows": 800000,
                                            "Actual Loops": 1,
                                            "Output": [
                                                "partsupp.ps_partkey",
                                                "partsupp.ps_suppkey",
                                                "partsupp.ps_availqty",
                                                "partsupp.ps_supplycost",
                                                "partsupp.ps_comment"
                                            ]
                                        },
                                        {
                                            "Node Type": "Hash",
                                            "Parent Relationship": "Inner",
                                            "Parallel Aware": false,
                                            "Async Capable": false,
                                            "Startup Cost": 344.04,
                                            "Total Cost": 344.04,
                                            "Plan Rows": 59,
                                            "Plan Width": 4,
                                            "Actual Startup Time": 5.513,
                                            "Actual Total Time": 5.516,
                                            "Actual Rows": 415,
                                            "Actual Loops": 1,
                                            "Output": [
                                                "supplier.s_suppkey"
                                            ],
                                            "Hash Buckets": 1024,
                                            "Original Hash Buckets": 1024,
                                            "Hash Batches": 1,
                                            "Original Hash Batches": 1,
                                            "Peak Memory Usage": 23,
                                            "Plans": [
                                                {
                                                    "Node Type": "Hash Join",
                                                    "Parent Relationship": "Outer",
                                                    "Parallel Aware": false,
                                                    "Async Capable": false,
                                                    "Join Type": "Inner",
                                                    "Startup Cost": 12.14,
                                                    "Total Cost": 344.04,
                                                    "Plan Rows": 59,
                                                    "Plan Width": 4,
                                                    "Actual Startup Time": 0.104,
                                                    "Actual Total Time": 5.409,
                                                    "Actual Rows": 415,
                                                    "Actual Loops": 1,
                                                    "Output": [
                                                        "supplier.s_suppkey"
                                                    ],
                                                    "Inner Unique": true,
                                                    "Hash Cond": "(supplier.s_nationkey = nation.n_nationkey)",
                                                    "Plans": [
                                                        {
                                                            "Node Type": "Seq Scan",
                                                            "Parent Relationship": "Outer",
                                                            "Parallel Aware": false,
                                                            "Async Capable": false,
                                                            "Relation Name": "supplier",
                                                            "Schema": "public",
                                                            "Alias": "supplier",
                                                            "Startup Cost": 0.0,
                                                            "Total Cost": 305.0,
                                                            "Plan Rows": 10000,
                                                            "Plan Width": 8,
                                                            "Actual Startup Time": 0.01,
                                                            "Actual Total Time": 2.906,
                                                            "Actual Rows": 10000,
                                                            "Actual Loops": 1,
                                                            "Output": [
                                                                "supplier.s_suppkey",
                                                                "supplier.s_name",
                                                                "supplier.s_address",
                                                                "supplier.s_nationkey",
                                                                "supplier.s_phone",
                                                                "supplier.s_acctbal",
                                                                "supplier.s_comment"
                                                            ]
                                                        },
                                                        {
                                                            "Node Type": "Hash",
                                                            "Parent Relationship": "Inner",
                                                            "Parallel Aware": false,
                                                            "Async Capable": false,
                                                            "Startup Cost": 12.13,
                                                            "Total Cost": 12.13,
                                                            "Plan Rows": 1,
                                                            "Plan Width": 4,
                                                            "Actual Startup Time": 0.07,
                                                            "Actual Total Time": 0.071,
                                                            "Actual Rows": 1,
                                                            "Actual Loops": 1,
                                                            "Output": [
                                                                "nation.n_nationkey"
                                                            ],
                                                            "Hash Buckets": 1024,
                                                            "Original Hash Buckets": 1024,
                                                            "Hash Batches": 1,
                                                            "Original Hash Batches": 1,
                                                            "Peak Memory Usage": 9,
                                                            "Plans": [
                                                                {
                                                                    "Node Type": "Seq Scan",
                                                                    "Parent Relationship": "Outer",
                                                                    "Parallel Aware": false,
                                                                    "Async Capable": false,
                                                                    "Relation Name": "nation",
                                                                    "Schema": "public",
                                                                    "Alias": "nation",
                                                                    "Startup Cost": 0.0,
                                                                    "Total Cost": 12.13,
                                                                    "Plan Rows": 1,
                                                                    "Plan Width": 4,
                                                                    "Actual Startup Time": 0.059,
                                                                    "Actual Total Time": 0.064,
                                                                    "Actual Rows": 1,
                                                                    "Actual Loops": 1,
                                                                    "Output": [
                                                                        "nation.n_nationkey"
                                                                    ],
                                                                    "Filter": "(nation.n_name = 'EGYPT'::bpchar)",
                                                                    "Rows Removed by Filter": 24
                                                                }
                                                            ]
                                                        }
                                                    ]
                                                }
                                            ]
                                        }
                                    ]
                                }
                            ]
                        }
                    ]
                },
                "Planning Time": 8.496,
                "Triggers": [],
                "Execution Time": 1317.615
            }
        ]
    ]
]