[
    [
        [
            {
                "Plan": {
                    "Node Type": "Aggregate",
                    "Strategy": "Sorted",
                    "Partial Mode": "Simple",
                    "Parallel Aware": false,
                    "Async Capable": false,
                    "Startup Cost": 314939.31,
                    "Total Cost": 315515.64,
                    "Plan Rows": 7,
                    "Plan Width": 27,
                    "Actual Startup Time": 7441.747,
                    "Actual Total Time": 7455.339,
                    "Actual Rows": 2,
                    "Actual Loops": 1,
                    "Output": [
                        "lineitem.l_shipmode",
                        "sum(CASE WHEN ((orders.o_orderpriority = '1-URGENT'::bpchar) OR (orders.o_orderpriority = '2-HIGH'::bpchar)) THEN 1 ELSE 0 END)",
                        "sum(CASE WHEN ((orders.o_orderpriority <> '1-URGENT'::bpchar) AND (orders.o_orderpriority <> '2-HIGH'::bpchar)) THEN 1 ELSE 0 END)"
                    ],
                    "Group Key": [
                        "lineitem.l_shipmode"
                    ],
                    "Plans": [
                        {
                            "Node Type": "Sort",
                            "Parent Relationship": "Outer",
                            "Parallel Aware": false,
                            "Async Capable": false,
                            "Startup Cost": 314939.31,
                            "Total Cost": 315011.35,
                            "Plan Rows": 28813,
                            "Plan Width": 27,
                            "Actual Startup Time": 7426.344,
                            "Actual Total Time": 7430.158,
                            "Actual Rows": 31120,
                            "Actual Loops": 1,
                            "Output": [
                                "lineitem.l_shipmode",
                                "orders.o_orderpriority"
                            ],
                            "Sort Key": [
                                "lineitem.l_shipmode"
                            ],
                            "Sort Method": "quicksort",
                            "Sort Space Used": 2957,
                            "Sort Space Type": "Memory",
                            "Plans": [
                                {
                                    "Node Type": "Merge Join",
                                    "Parent Relationship": "Outer",
                                    "Parallel Aware": false,
                                    "Async Capable": false,
                                    "Join Type": "Inner",
                                    "Startup Cost": 249659.89,
                                    "Total Cost": 312805.07,
                                    "Plan Rows": 28813,
                                    "Plan Width": 27,
                                    "Actual Startup Time": 5739.744,
                                    "Actual Total Time": 7385.452,
                                    "Actual Rows": 31120,
                                    "Actual Loops": 1,
                                    "Output": [
                                        "lineitem.l_shipmode",
                                        "orders.o_orderpriority"
                                    ],
                                    "Inner Unique": false,
                                    "Merge Cond": "(orders.o_orderkey = lineitem.l_orderkey)",
                                    "Plans": [
                                        {
                                            "Node Type": "Index Scan",
                                            "Parent Relationship": "Outer",
                                            "Parallel Aware": false,
                                            "Async Capable": false,
                                            "Scan Direction": "Forward",
                                            "Index Name": "orders_pkey",
                                            "Relation Name": "orders",
                                            "Schema": "public",
                                            "Alias": "orders",
                                            "Startup Cost": 0.43,
                                            "Total Cost": 58963.43,
                                            "Plan Rows": 1500000,
                                            "Plan Width": 20,
                                            "Actual Startup Time": 0.021,
                                            "Actual Total Time": 1340.099,
                                            "Actual Rows": 1499965,
                                            "Actual Loops": 1,
                                            "Output": [
                                                "orders.o_orderkey",
                                                "orders.o_custkey",
                                                "orders.o_orderstatus",
                                                "orders.o_totalprice",
                                                "orders.o_orderdate",
                                                "orders.o_orderpriority",
                                                "orders.o_clerk",
                                                "orders.o_shippriority",
                                                "orders.o_comment"
                                            ]
                                        },
                                        {
                                            "Node Type": "Sort",
                                            "Parent Relationship": "Inner",
                                            "Parallel Aware": false,
                                            "Async Capable": false,
                                            "Startup Cost": 249659.46,
                                            "Total Cost": 249731.49,
                                            "Plan Rows": 28813,
                                            "Plan Width": 15,
                                            "Actual Startup Time": 5739.512,
                                            "Actual Total Time": 5746.042,
                                            "Actual Rows": 31120,
                                            "Actual Loops": 1,
                                            "Output": [
                                                "lineitem.l_shipmode",
                                                "lineitem.l_orderkey"
                                            ],
                                            "Sort Key": [
                                                "lineitem.l_orderkey"
                                            ],
                                            "Sort Method": "quicksort",
                                            "Sort Space Used": 2470,
                                            "Sort Space Type": "Memory",
                                            "Plans": [
                                                {
                                                    "Node Type": "Seq Scan",
                                                    "Parent Relationship": "Outer",
                                                    "Parallel Aware": false,
                                                    "Async Capable": false,
                                                    "Relation Name": "lineitem",
                                                    "Schema": "public",
                                                    "Alias": "lineitem",
                                                    "Startup Cost": 0.0,
                                                    "Total Cost": 247525.21,
                                                    "Plan Rows": 28813,
                                                    "Plan Width": 15,
                                                    "Actual Startup Time": 0.693,
                                                    "Actual Total Time": 5707.852,
                                                    "Actual Rows": 31120,
                                                    "Actual Loops": 1,
                                                    "Output": [
                                                        "lineitem.l_shipmode",
                                                        "lineitem.l_orderkey"
                                                    ],
                                                    "Filter": "((lineitem.l_shipmode = ANY ('{FOB,AIR}'::bpchar[])) AND (lineitem.l_commitdate < lineitem.l_receiptdate) AND (lineitem.l_shipdate < lineitem.l_commitdate) AND (lineitem.l_receiptdate >= '1997-01-01'::date) AND (lineitem.l_receiptdate < '1998-01-01 00:00:00'::timestamp without time zone))",
                                                    "Rows Removed by Filter": 5970095
                                                }
                                            ]
                                        }
                                    ]
                                }
                            ]
                        }
                    ]
                },
                "Planning Time": 10.127,
                "Triggers": [],
                "Execution Time": 7457.148
            }
        ]
    ]
]