[
    [
        [
            {
                "Plan": {
                    "Node Type": "Sort",
                    "Parallel Aware": false,
                    "Async Capable": false,
                    "Startup Cost": 149500.01,
                    "Total Cost": 149500.51,
                    "Plan Rows": 200,
                    "Plan Width": 16,
                    "Actual Startup Time": 4823.006,
                    "Actual Total Time": 4823.016,
                    "Actual Rows": 42,
                    "Actual Loops": 1,
                    "Output": [
                        "(count(orders.o_orderkey))",
                        "(count(*))"
                    ],
                    "Sort Key": [
                        "(count(*)) DESC",
                        "(count(orders.o_orderkey)) DESC"
                    ],
                    "Sort Method": "quicksort",
                    "Sort Space Used": 27,
                    "Sort Space Type": "Memory",
                    "Plans": [
                        {
                            "Node Type": "Aggregate",
                            "Strategy": "Hashed",
                            "Partial Mode": "Simple",
                            "Parent Relationship": "Outer",
                            "Parallel Aware": false,
                            "Async Capable": false,
                            "Startup Cost": 149490.36,
                            "Total Cost": 149492.36,
                            "Plan Rows": 200,
                            "Plan Width": 16,
                            "Actual Startup Time": 4822.925,
                            "Actual Total Time": 4822.945,
                            "Actual Rows": 42,
                            "Actual Loops": 1,
                            "Output": [
                                "(count(orders.o_orderkey))",
                                "count(*)"
                            ],
                            "Group Key": [
                                "count(orders.o_orderkey)"
                            ],
                            "Planned Partitions": 0,
                            "HashAgg Batches": 1,
                            "Peak Memory Usage": 40,
                            "Disk Usage": 0,
                            "Plans": [
                                {
                                    "Node Type": "Aggregate",
                                    "Strategy": "Hashed",
                                    "Partial Mode": "Simple",
                                    "Parent Relationship": "Outer",
                                    "Parallel Aware": false,
                                    "Async Capable": false,
                                    "Startup Cost": 134021.61,
                                    "Total Cost": 147240.36,
                                    "Plan Rows": 150000,
                                    "Plan Width": 12,
                                    "Actual Startup Time": 4364.668,
                                    "Actual Total Time": 4771.358,
                                    "Actual Rows": 150000,
                                    "Actual Loops": 1,
                                    "Output": [
                                        "customer.c_custkey",
                                        "count(orders.o_orderkey)"
                                    ],
                                    "Group Key": [
                                        "customer.c_custkey"
                                    ],
                                    "Planned Partitions": 4,
                                    "HashAgg Batches": 5,
                                    "Peak Memory Usage": 8241,
                                    "Disk Usage": 15560,
                                    "Plans": [
                                        {
                                            "Node Type": "Hash Join",
                                            "Parent Relationship": "Outer",
                                            "Parallel Aware": false,
                                            "Async Capable": false,
                                            "Join Type": "Right",
                                            "Startup Cost": 6959.0,
                                            "Total Cost": 49646.61,
                                            "Plan Rows": 1500000,
                                            "Plan Width": 8,
                                            "Actual Startup Time": 180.123,
                                            "Actual Total Time": 3026.507,
                                            "Actual Rows": 1550004,
                                            "Actual Loops": 1,
                                            "Output": [
                                                "customer.c_custkey",
                                                "orders.o_orderkey"
                                            ],
                                            "Inner Unique": true,
                                            "Hash Cond": "(orders.o_custkey = customer.c_custkey)",
                                            "Plans": [
                                                {
                                                    "Node Type": "Seq Scan",
                                                    "Parent Relationship": "Outer",
                                                    "Parallel Aware": false,
                                                    "Async Capable": false,
                                                    "Relation Name": "orders",
                                                    "Schema": "public",
                                                    "Alias": "orders",
                                                    "Startup Cost": 0.0,
                                                    "Total Cost": 38750.0,
                                                    "Plan Rows": 1500000,
                                                    "Plan Width": 8,
                                                    "Actual Startup Time": 0.078,
                                                    "Actual Total Time": 1482.58,
                                                    "Actual Rows": 1500000,
                                                    "Actual Loops": 1,
                                                    "Output": [
                                                        "orders.o_orderkey",
                                                        "orders.o_custkey",
                                                        "orders.o_orderstatus",
                                                        "orders.o_totalprice",
                                                        "orders.o_orderdate",
                                                        "orders.o_orderpriority",
                                                        "orders.o_clerk",
                                                        "orders.o_shippriority",
                                                        "orders.o_comment"
                                                    ],
                                                    "Filter": "((orders.o_comment)::text !~~ '%special%deposits%'::text)",
                                                    "Rows Removed by Filter": 0
                                                },
                                                {
                                                    "Node Type": "Hash",
                                                    "Parent Relationship": "Inner",
                                                    "Parallel Aware": false,
                                                    "Async Capable": false,
                                                    "Startup Cost": 5084.0,
                                                    "Total Cost": 5084.0,
                                                    "Plan Rows": 150000,
                                                    "Plan Width": 4,
                                                    "Actual Startup Time": 179.585,
                                                    "Actual Total Time": 179.587,
                                                    "Actual Rows": 150000,
                                                    "Actual Loops": 1,
                                                    "Output": [
                                                        "customer.c_custkey"
                                                    ],
                                                    "Hash Buckets": 262144,
                                                    "Original Hash Buckets": 262144,
                                                    "Hash Batches": 1,
                                                    "Original Hash Batches": 1,
                                                    "Peak Memory Usage": 7322,
                                                    "Plans": [
                                                        {
                                                            "Node Type": "Seq Scan",
                                                            "Parent Relationship": "Outer",
                                                            "Parallel Aware": false,
                                                            "Async Capable": false,
                                                            "Relation Name": "customer",
                                                            "Schema": "public",
                                                            "Alias": "customer",
                                                            "Startup Cost": 0.0,
                                                            "Total Cost": 5084.0,
                                                            "Plan Rows": 150000,
                                                            "Plan Width": 4,
                                                            "Actual Startup Time": 0.031,
                                                            "Actual Total Time": 133.67,
                                                            "Actual Rows": 150000,
                                                            "Actual Loops": 1,
                                                            "Output": [
                                                                "customer.c_custkey"
                                                            ]
                                                        }
                                                    ]
                                                }
                                            ]
                                        }
                                    ]
                                }
                            ]
                        }
                    ]
                },
                "Planning Time": 5.34,
                "Triggers": [],
                "Execution Time": 4834.345
            }
        ]
    ]
]