[
    [
        [
            {
                "Plan": {
                    "Node Type": "Aggregate",
                    "Strategy": "Plain",
                    "Partial Mode": "Simple",
                    "Parallel Aware": false,
                    "Async Capable": false,
                    "Startup Cost": 216517.87,
                    "Total Cost": 216517.89,
                    "Plan Rows": 1,
                    "Plan Width": 32,
                    "Actual Startup Time": 3414.31,
                    "Actual Total Time": 3414.315,
                    "Actual Rows": 1,
                    "Actual Loops": 1,
                    "Output": [
                        "((100.00 * sum(CASE WHEN ((part.p_type)::text ~~ 'PROMO%'::text) THEN (lineitem.l_extendedprice * ('1'::numeric - lineitem.l_discount)) ELSE '0'::numeric END)) / sum((lineitem.l_extendedprice * ('1'::numeric - lineitem.l_discount))))"
                    ],
                    "Plans": [
                        {
                            "Node Type": "Hash Join",
                            "Parent Relationship": "Outer",
                            "Parallel Aware": false,
                            "Async Capable": false,
                            "Join Type": "Inner",
                            "Startup Cost": 10122.0,
                            "Total Cost": 215048.25,
                            "Plan Rows": 83978,
                            "Plan Width": 34,
                            "Actual Startup Time": 158.196,
                            "Actual Total Time": 3310.925,
                            "Actual Rows": 75054,
                            "Actual Loops": 1,
                            "Output": [
                                "part.p_type",
                                "lineitem.l_extendedprice",
                                "lineitem.l_discount"
                            ],
                            "Inner Unique": true,
                            "Hash Cond": "(lineitem.l_partkey = part.p_partkey)",
                            "Plans": [
                                {
                                    "Node Type": "Seq Scan",
                                    "Parent Relationship": "Outer",
                                    "Parallel Aware": false,
                                    "Async Capable": false,
                                    "Relation Name": "lineitem",
                                    "Schema": "public",
                                    "Alias": "lineitem",
                                    "Startup Cost": 0.0,
                                    "Total Cost": 202515.81,
                                    "Plan Rows": 83978,
                                    "Plan Width": 16,
                                    "Actual Startup Time": 1.437,
                                    "Actual Total Time": 2959.866,
                                    "Actual Rows": 75054,
                                    "Actual Loops": 1,
                                    "Output": [
                                        "lineitem.l_extendedprice",
                                        "lineitem.l_discount",
                                        "lineitem.l_partkey"
                                    ],
                                    "Filter": "((lineitem.l_shipdate >= '1997-06-01'::date) AND (lineitem.l_shipdate < '1997-07-01 00:00:00'::timestamp without time zone))",
                                    "Rows Removed by Filter": 5926161
                                },
                                {
                                    "Node Type": "Hash",
                                    "Parent Relationship": "Inner",
                                    "Parallel Aware": false,
                                    "Async Capable": false,
                                    "Startup Cost": 6254.0,
                                    "Total Cost": 6254.0,
                                    "Plan Rows": 200000,
                                    "Plan Width": 26,
                                    "Actual Startup Time": 155.56,
                                    "Actual Total Time": 155.562,
                                    "Actual Rows": 200000,
                                    "Actual Loops": 1,
                                    "Output": [
                                        "part.p_type",
                                        "part.p_partkey"
                                    ],
                                    "Hash Buckets": 131072,
                                    "Original Hash Buckets": 131072,
                                    "Hash Batches": 2,
                                    "Original Hash Batches": 2,
                                    "Peak Memory Usage": 6888,
                                    "Plans": [
                                        {
                                            "Node Type": "Seq Scan",
                                            "Parent Relationship": "Outer",
                                            "Parallel Aware": false,
                                            "Async Capable": false,
                                            "Relation Name": "part",
                                            "Schema": "public",
                                            "Alias": "part",
                                            "Startup Cost": 0.0,
                                            "Total Cost": 6254.0,
                                            "Plan Rows": 200000,
                                            "Plan Width": 26,
                                            "Actual Startup Time": 0.169,
                                            "Actual Total Time": 83.208,
                                            "Actual Rows": 200000,
                                            "Actual Loops": 1,
                                            "Output": [
                                                "part.p_type",
                                                "part.p_partkey"
                                            ]
                                        }
                                    ]
                                }
                            ]
                        }
                    ]
                },
                "Planning Time": 6.724,
                "Triggers": [],
                "Execution Time": 3416.4
            }
        ]
    ]
]