[
    [
        [
            {
                "Plan": {
                    "Node Type": "Sort",
                    "Parallel Aware": false,
                    "Async Capable": false,
                    "Startup Cost": 46134.69,
                    "Total Cost": 46137.81,
                    "Plan Rows": 1250,
                    "Plan Width": 45,
                    "Actual Startup Time": 1060.282,
                    "Actual Total Time": 1060.307,
                    "Actual Rows": 192,
                    "Actual Loops": 1,
                    "Output": [
                        "part.p_brand",
                        "part.p_type",
                        "part.p_size",
                        "(count(DISTINCT partsupp.ps_suppkey))"
                    ],
                    "Sort Key": [
                        "(count(DISTINCT partsupp.ps_suppkey)) DESC",
                        "part.p_brand",
                        "part.p_type",
                        "part.p_size"
                    ],
                    "Sort Method": "quicksort",
                    "Sort Space Used": 41,
                    "Sort Space Type": "Memory",
                    "Plans": [
                        {
                            "Node Type": "Aggregate",
                            "Strategy": "Sorted",
                            "Partial Mode": "Simple",
                            "Parent Relationship": "Outer",
                            "Parallel Aware": false,
                            "Async Capable": false,
                            "Startup Cost": 45285.89,
                            "Total Cost": 46070.39,
                            "Plan Rows": 1250,
                            "Plan Width": 45,
                            "Actual Startup Time": 824.209,
                            "Actual Total Time": 1059.4,
                            "Actual Rows": 192,
                            "Actual Loops": 1,
                            "Output": [
                                "part.p_brand",
                                "part.p_type",
                                "part.p_size",
                                "count(DISTINCT partsupp.ps_suppkey)"
                            ],
                            "Group Key": [
                                "part.p_brand",
                                "part.p_type",
                                "part.p_size"
                            ],
                            "Plans": [
                                {
                                    "Node Type": "Sort",
                                    "Parent Relationship": "Outer",
                                    "Parallel Aware": false,
                                    "Async Capable": false,
                                    "Startup Cost": 45285.89,
                                    "Total Cost": 45440.29,
                                    "Plan Rows": 61760,
                                    "Plan Width": 41,
                                    "Actual Startup Time": 822.805,
                                    "Actual Total Time": 952.93,
                                    "Actual Rows": 123532,
                                    "Actual Loops": 1,
                                    "Output": [
                                        "part.p_brand",
                                        "part.p_type",
                                        "part.p_size",
                                        "partsupp.ps_suppkey"
                                    ],
                                    "Sort Key": [
                                        "part.p_brand",
                                        "part.p_type",
                                        "part.p_size"
                                    ],
                                    "Sort Method": "external merge",
                                    "Sort Space Used": 6536,
                                    "Sort Space Type": "Disk",
                                    "Plans": [
                                        {
                                            "Node Type": "Hash Join",
                                            "Parent Relationship": "Outer",
                                            "Parallel Aware": false,
                                            "Async Capable": false,
                                            "Join Type": "Inner",
                                            "Startup Cost": 9970.0,
                                            "Total Cost": 38471.02,
                                            "Plan Rows": 61760,
                                            "Plan Width": 41,
                                            "Actual Startup Time": 161.126,
                                            "Actual Total Time": 552.455,
                                            "Actual Rows": 123532,
                                            "Actual Loops": 1,
                                            "Output": [
                                                "part.p_brand",
                                                "part.p_type",
                                                "part.p_size",
                                                "partsupp.ps_suppkey"
                                            ],
                                            "Inner Unique": true,
                                            "Hash Cond": "(partsupp.ps_partkey = part.p_partkey)",
                                            "Plans": [
                                                {
                                                    "Node Type": "Seq Scan",
                                                    "Parent Relationship": "Outer",
                                                    "Parallel Aware": false,
                                                    "Async Capable": false,
                                                    "Relation Name": "partsupp",
                                                    "Schema": "public",
                                                    "Alias": "partsupp",
                                                    "Startup Cost": 330.0,
                                                    "Total Cost": 27781.0,
                                                    "Plan Rows": 400000,
                                                    "Plan Width": 8,
                                                    "Actual Startup Time": 32.811,
                                                    "Actual Total Time": 299.371,
                                                    "Actual Rows": 799680,
                                                    "Actual Loops": 1,
                                                    "Output": [
                                                        "partsupp.ps_partkey",
                                                        "partsupp.ps_suppkey",
                                                        "partsupp.ps_availqty",
                                                        "partsupp.ps_supplycost",
                                                        "partsupp.ps_comment"
                                                    ],
                                                    "Filter": "(NOT (hashed SubPlan 1))",
                                                    "Rows Removed by Filter": 320,
                                                    "Plans": [
                                                        {
                                                            "Node Type": "Seq Scan",
                                                            "Parent Relationship": "SubPlan",
                                                            "Subplan Name": "SubPlan 1",
                                                            "Parallel Aware": false,
                                                            "Async Capable": false,
                                                            "Relation Name": "supplier",
                                                            "Schema": "public",
                                                            "Alias": "supplier",
                                                            "Startup Cost": 0.0,
                                                            "Total Cost": 330.0,
                                                            "Plan Rows": 1,
                                                            "Plan Width": 4,
                                                            "Actual Startup Time": 1.34,
                                                            "Actual Total Time": 32.533,
                                                            "Actual Rows": 4,
                                                            "Actual Loops": 1,
                                                            "Output": [
                                                                "supplier.s_suppkey"
                                                            ],
                                                            "Filter": "((supplier.s_comment)::text ~~ '%Customer%Complaints%'::text)",
                                                            "Rows Removed by Filter": 9996
                                                        }
                                                    ]
                                                },
                                                {
                                                    "Node Type": "Hash",
                                                    "Parent Relationship": "Inner",
                                                    "Parallel Aware": false,
                                                    "Async Capable": false,
                                                    "Startup Cost": 9254.0,
                                                    "Total Cost": 9254.0,
                                                    "Plan Rows": 30880,
                                                    "Plan Width": 41,
                                                    "Actual Startup Time": 128.139,
                                                    "Actual Total Time": 128.141,
                                                    "Actual Rows": 30892,
                                                    "Actual Loops": 1,
                                                    "Output": [
                                                        "part.p_brand",
                                                        "part.p_type",
                                                        "part.p_size",
                                                        "part.p_partkey"
                                                    ],
                                                    "Hash Buckets": 32768,
                                                    "Original Hash Buckets": 32768,
                                                    "Hash Batches": 1,
                                                    "Original Hash Batches": 1,
                                                    "Peak Memory Usage": 2549,
                                                    "Plans": [
                                                        {
                                                            "Node Type": "Seq Scan",
                                                            "Parent Relationship": "Outer",
                                                            "Parallel Aware": false,
                                                            "Async Capable": false,
                                                            "Relation Name": "part",
                                                            "Schema": "public",
                                                            "Alias": "part",
                                                            "Startup Cost": 0.0,
                                                            "Total Cost": 9254.0,
                                                            "Plan Rows": 30880,
                                                            "Plan Width": 41,
                                                            "Actual Startup Time": 0.179,
                                                            "Actual Total Time": 112.413,
                                                            "Actual Rows": 30892,
                                                            "Actual Loops": 1,
                                                            "Output": [
                                                                "part.p_brand",
                                                                "part.p_type",
                                                                "part.p_size",
                                                                "part.p_partkey"
                                                            ],
                                                            "Filter": "((part.p_brand <> 'Brand#45'::bpchar) AND ((part.p_type)::text !~~ 'SMALL ANODIZED%'::text) AND (part.p_size = ANY ('{47,15,37,30,46,16,18,6}'::integer[])))",
                                                            "Rows Removed by Filter": 169108
                                                        }
                                                    ]
                                                }
                                            ]
                                        }
                                    ]
                                }
                            ]
                        }
                    ]
                },
                "Planning Time": 11.436,
                "Triggers": [],
                "Execution Time": 1065.54
            }
        ]
    ]
]