[
    [
        [
            {
                "Plan": {
                    "Node Type": "Limit",
                    "Parallel Aware": false,
                    "Async Capable": false,
                    "Startup Cost": 747897.97,
                    "Total Cost": 747898.22,
                    "Plan Rows": 100,
                    "Plan Width": 71,
                    "Actual Startup Time": 10977.046,
                    "Actual Total Time": 10977.057,
                    "Actual Rows": 4,
                    "Actual Loops": 1,
                    "Output": [
                        "customer.c_name",
                        "customer.c_custkey",
                        "orders.o_orderkey",
                        "orders.o_orderdate",
                        "orders.o_totalprice",
                        "(sum(lineitem.l_quantity))"
                    ],
                    "Plans": [
                        {
                            "Node Type": "Sort",
                            "Parent Relationship": "Outer",
                            "Parallel Aware": false,
                            "Async Capable": false,
                            "Startup Cost": 747897.97,
                            "Total Cost": 749163.45,
                            "Plan Rows": 506190,
                            "Plan Width": 71,
                            "Actual Startup Time": 10977.044,
                            "Actual Total Time": 10977.054,
                            "Actual Rows": 4,
                            "Actual Loops": 1,
                            "Output": [
                                "customer.c_name",
                                "customer.c_custkey",
                                "orders.o_orderkey",
                                "orders.o_orderdate",
                                "orders.o_totalprice",
                                "(sum(lineitem.l_quantity))"
                            ],
                            "Sort Key": [
                                "orders.o_totalprice DESC",
                                "orders.o_orderdate"
                            ],
                            "Sort Method": "quicksort",
                            "Sort Space Used": 25,
                            "Sort Space Type": "Memory",
                            "Plans": [
                                {
                                    "Node Type": "Aggregate",
                                    "Strategy": "Sorted",
                                    "Partial Mode": "Simple",
                                    "Parent Relationship": "Outer",
                                    "Parallel Aware": false,
                                    "Async Capable": false,
                                    "Startup Cost": 533364.23,
                                    "Total Cost": 728551.75,
                                    "Plan Rows": 506190,
                                    "Plan Width": 71,
                                    "Actual Startup Time": 10976.969,
                                    "Actual Total Time": 10977.016,
                                    "Actual Rows": 4,
                                    "Actual Loops": 1,
                                    "Output": [
                                        "customer.c_name",
                                        "customer.c_custkey",
                                        "orders.o_orderkey",
                                        "orders.o_orderdate",
                                        "orders.o_totalprice",
                                        "sum(lineitem.l_quantity)"
                                    ],
                                    "Group Key": [
                                        "customer.c_custkey",
                                        "orders.o_orderkey"
                                    ],
                                    "Plans": [
                                        {
                                            "Node Type": "Incremental Sort",
                                            "Parent Relationship": "Outer",
                                            "Parallel Aware": false,
                                            "Async Capable": false,
                                            "Startup Cost": 533364.23,
                                            "Total Cost": 718427.95,
                                            "Plan Rows": 506190,
                                            "Plan Width": 44,
                                            "Actual Startup Time": 10976.931,
                                            "Actual Total Time": 10976.944,
                                            "Actual Rows": 28,
                                            "Actual Loops": 1,
                                            "Output": [
                                                "customer.c_custkey",
                                                "orders.o_orderkey",
                                                "customer.c_name",
                                                "orders.o_orderdate",
                                                "orders.o_totalprice",
                                                "lineitem.l_quantity"
                                            ],
                                            "Sort Key": [
                                                "customer.c_custkey",
                                                "orders.o_orderkey"
                                            ],
                                            "Presorted Key": [
                                                "customer.c_custkey"
                                            ],
                                            "Full-sort Groups": {
                                                "Group Count": 1,
                                                "Sort Methods Used": [
                                                    "quicksort"
                                                ],
                                                "Sort Space Memory": {
                                                    "Average Sort Space Used": 27,
                                                    "Peak Sort Space Used": 27
                                                }
                                            },
                                            "Plans": [
                                                {
                                                    "Node Type": "Nested Loop",
                                                    "Parent Relationship": "Outer",
                                                    "Parallel Aware": false,
                                                    "Async Capable": false,
                                                    "Join Type": "Inner",
                                                    "Startup Cost": 533363.07,
                                                    "Total Cost": 699585.43,
                                                    "Plan Rows": 506190,
                                                    "Plan Width": 44,
                                                    "Actual Startup Time": 10885.34,
                                                    "Actual Total Time": 10976.905,
                                                    "Actual Rows": 28,
                                                    "Actual Loops": 1,
                                                    "Output": [
                                                        "customer.c_custkey",
                                                        "orders.o_orderkey",
                                                        "customer.c_name",
                                                        "orders.o_orderdate",
                                                        "orders.o_totalprice",
                                                        "lineitem.l_quantity"
                                                    ],
                                                    "Inner Unique": false,
                                                    "Plans": [
                                                        {
                                                            "Node Type": "Merge Join",
                                                            "Parent Relationship": "Outer",
                                                            "Parallel Aware": false,
                                                            "Async Capable": false,
                                                            "Join Type": "Inner",
                                                            "Startup Cost": 533362.63,
                                                            "Total Cost": 543447.88,
                                                            "Plan Rows": 126521,
                                                            "Plan Width": 43,
                                                            "Actual Startup Time": 10885.21,
                                                            "Actual Total Time": 10976.544,
                                                            "Actual Rows": 4,
                                                            "Actual Loops": 1,
                                                            "Output": [
                                                                "customer.c_name",
                                                                "customer.c_custkey",
                                                                "orders.o_orderkey",
                                                                "orders.o_orderdate",
                                                                "orders.o_totalprice",
                                                                "lineitem_1.l_orderkey"
                                                            ],
                                                            "Inner Unique": false,
                                                            "Merge Cond": "(customer.c_custkey = orders.o_custkey)",
                                                            "Plans": [
                                                                {
                                                                    "Node Type": "Index Scan",
                                                                    "Parent Relationship": "Outer",
                                                                    "Parallel Aware": false,
                                                                    "Async Capable": false,
                                                                    "Scan Direction": "Forward",
                                                                    "Index Name": "customer_pkey",
                                                                    "Relation Name": "customer",
                                                                    "Schema": "public",
                                                                    "Alias": "customer",
                                                                    "Startup Cost": 0.42,
                                                                    "Total Cost": 7497.54,
                                                                    "Plan Rows": 150000,
                                                                    "Plan Width": 23,
                                                                    "Actual Startup Time": 0.011,
                                                                    "Actual Total Time": 96.965,
                                                                    "Actual Rows": 140184,
                                                                    "Actual Loops": 1,
                                                                    "Output": [
                                                                        "customer.c_custkey",
                                                                        "customer.c_name",
                                                                        "customer.c_address",
                                                                        "customer.c_nationkey",
                                                                        "customer.c_phone",
                                                                        "customer.c_acctbal",
                                                                        "customer.c_mktsegment",
                                                                        "customer.c_comment"
                                                                    ]
                                                                },
                                                                {
                                                                    "Node Type": "Materialize",
                                                                    "Parent Relationship": "Inner",
                                                                    "Parallel Aware": false,
                                                                    "Async Capable": false,
                                                                    "Startup Cost": 533361.32,
                                                                    "Total Cost": 533993.93,
                                                                    "Plan Rows": 126521,
                                                                    "Plan Width": 24,
                                                                    "Actual Startup Time": 10857.408,
                                                                    "Actual Total Time": 10857.425,
                                                                    "Actual Rows": 4,
                                                                    "Actual Loops": 1,
                                                                    "Output": [
                                                                        "orders.o_orderkey",
                                                                        "orders.o_orderdate",
                                                                        "orders.o_totalprice",
                                                                        "orders.o_custkey",
                                                                        "lineitem_1.l_orderkey"
                                                                    ],
                                                                    "Plans": [
                                                                        {
                                                                            "Node Type": "Sort",
                                                                            "Parent Relationship": "Outer",
                                                                            "Parallel Aware": false,
                                                                            "Async Capable": false,
                                                                            "Startup Cost": 533361.32,
                                                                            "Total Cost": 533677.62,
                                                                            "Plan Rows": 126521,
                                                                            "Plan Width": 24,
                                                                            "Actual Startup Time": 10857.392,
                                                                            "Actual Total Time": 10857.403,
                                                                            "Actual Rows": 4,
                                                                            "Actual Loops": 1,
                                                                            "Output": [
                                                                                "orders.o_orderkey",
                                                                                "orders.o_orderdate",
                                                                                "orders.o_totalprice",
                                                                                "orders.o_custkey",
                                                                                "lineitem_1.l_orderkey"
                                                                            ],
                                                                            "Sort Key": [
                                                                                "orders.o_custkey"
                                                                            ],
                                                                            "Sort Method": "quicksort",
                                                                            "Sort Space Used": 25,
                                                                            "Sort Space Type": "Memory",
                                                                            "Plans": [
                                                                                {
                                                                                    "Node Type": "Hash Join",
                                                                                    "Parent Relationship": "Outer",
                                                                                    "Parallel Aware": false,
                                                                                    "Async Capable": false,
                                                                                    "Join Type": "Inner",
                                                                                    "Startup Cost": 481104.78,
                                                                                    "Total Cost": 520042.29,
                                                                                    "Plan Rows": 126521,
                                                                                    "Plan Width": 24,
                                                                                    "Actual Startup Time": 10424.478,
                                                                                    "Actual Total Time": 10857.34,
                                                                                    "Actual Rows": 4,
                                                                                    "Actual Loops": 1,
                                                                                    "Output": [
                                                                                        "orders.o_orderkey",
                                                                                        "orders.o_orderdate",
                                                                                        "orders.o_totalprice",
                                                                                        "orders.o_custkey",
                                                                                        "lineitem_1.l_orderkey"
                                                                                    ],
                                                                                    "Inner Unique": true,
                                                                                    "Hash Cond": "(orders.o_orderkey = lineitem_1.l_orderkey)",
                                                                                    "Plans": [
                                                                                        {
                                                                                            "Node Type": "Seq Scan",
                                                                                            "Parent Relationship": "Outer",
                                                                                            "Parallel Aware": false,
                                                                                            "Async Capable": false,
                                                                                            "Relation Name": "orders",
                                                                                            "Schema": "public",
                                                                                            "Alias": "orders",
                                                                                            "Startup Cost": 0.0,
                                                                                            "Total Cost": 35000.0,
                                                                                            "Plan Rows": 1500000,
                                                                                            "Plan Width": 20,
                                                                                            "Actual Startup Time": 0.025,
                                                                                            "Actual Total Time": 477.623,
                                                                                            "Actual Rows": 1500000,
                                                                                            "Actual Loops": 1,
                                                                                            "Output": [
                                                                                                "orders.o_orderkey",
                                                                                                "orders.o_custkey",
                                                                                                "orders.o_orderstatus",
                                                                                                "orders.o_totalprice",
                                                                                                "orders.o_orderdate",
                                                                                                "orders.o_orderpriority",
                                                                                                "orders.o_clerk",
                                                                                                "orders.o_shippriority",
                                                                                                "orders.o_comment"
                                                                                            ]
                                                                                        },
                                                                                        {
                                                                                            "Node Type": "Hash",
                                                                                            "Parent Relationship": "Inner",
                                                                                            "Parallel Aware": false,
                                                                                            "Async Capable": false,
                                                                                            "Startup Cost": 479523.27,
                                                                                            "Total Cost": 479523.27,
                                                                                            "Plan Rows": 126521,
                                                                                            "Plan Width": 4,
                                                                                            "Actual Startup Time": 9927.124,
                                                                                            "Actual Total Time": 9927.128,
                                                                                            "Actual Rows": 4,
                                                                                            "Actual Loops": 1,
                                                                                            "Output": [
                                                                                                "lineitem_1.l_orderkey"
                                                                                            ],
                                                                                            "Hash Buckets": 131072,
                                                                                            "Original Hash Buckets": 131072,
                                                                                            "Hash Batches": 1,
                                                                                            "Original Hash Batches": 1,
                                                                                            "Peak Memory Usage": 1025,
                                                                                            "Plans": [
                                                                                                {
                                                                                                    "Node Type": "Aggregate",
                                                                                                    "Strategy": "Sorted",
                                                                                                    "Partial Mode": "Simple",
                                                                                                    "Parent Relationship": "Outer",
                                                                                                    "Parallel Aware": false,
                                                                                                    "Async Capable": false,
                                                                                                    "Startup Cost": 0.43,
                                                                                                    "Total Cost": 478258.06,
                                                                                                    "Plan Rows": 126521,
                                                                                                    "Plan Width": 4,
                                                                                                    "Actual Startup Time": 5854.133,
                                                                                                    "Actual Total Time": 9927.072,
                                                                                                    "Actual Rows": 4,
                                                                                                    "Actual Loops": 1,
                                                                                                    "Output": [
                                                                                                        "lineitem_1.l_orderkey"
                                                                                                    ],
                                                                                                    "Group Key": [
                                                                                                        "lineitem_1.l_orderkey"
                                                                                                    ],
                                                                                                    "Filter": "(sum(lineitem_1.l_quantity) > '312'::numeric)",
                                                                                                    "Rows Removed by Filter": 1499996,
                                                                                                    "Plans": [
                                                                                                        {
                                                                                                            "Node Type": "Index Scan",
                                                                                                            "Parent Relationship": "Outer",
                                                                                                            "Parallel Aware": false,
                                                                                                            "Async Capable": false,
                                                                                                            "Scan Direction": "Forward",
                                                                                                            "Index Name": "lineitem_pkey",
                                                                                                            "Relation Name": "lineitem",
                                                                                                            "Schema": "public",
                                                                                                            "Alias": "lineitem_1",
                                                                                                            "Startup Cost": 0.43,
                                                                                                            "Total Cost": 442558.36,
                                                                                                            "Plan Rows": 6001254,
                                                                                                            "Plan Width": 9,
                                                                                                            "Actual Startup Time": 0.236,
                                                                                                            "Actual Total Time": 5274.92,
                                                                                                            "Actual Rows": 6001215,
                                                                                                            "Actual Loops": 1,
                                                                                                            "Output": [
                                                                                                                "lineitem_1.l_orderkey",
                                                                                                                "lineitem_1.l_partkey",
                                                                                                                "lineitem_1.l_suppkey",
                                                                                                                "lineitem_1.l_linenumber",
                                                                                                                "lineitem_1.l_quantity",
                                                                                                                "lineitem_1.l_extendedprice",
                                                                                                                "lineitem_1.l_discount",
                                                                                                                "lineitem_1.l_tax",
                                                                                                                "lineitem_1.l_returnflag",
                                                                                                                "lineitem_1.l_linestatus",
                                                                                                                "lineitem_1.l_shipdate",
                                                                                                                "lineitem_1.l_commitdate",
                                                                                                                "lineitem_1.l_receiptdate",
                                                                                                                "lineitem_1.l_shipinstruct",
                                                                                                                "lineitem_1.l_shipmode",
                                                                                                                "lineitem_1.l_comment"
                                                                                                            ]
                                                                                                        }
                                                                                                    ]
                                                                                                }
                                                                                            ]
                                                                                        }
                                                                                    ]
                                                                                }
                                                                            ]
                                                                        }
                                                                    ]
                                                                }
                                                            ]
                                                        },
                                                        {
                                                            "Node Type": "Index Scan",
                                                            "Parent Relationship": "Inner",
                                                            "Parallel Aware": false,
                                                            "Async Capable": false,
                                                            "Scan Direction": "Forward",
                                                            "Index Name": "lineitem_pkey",
                                                            "Relation Name": "lineitem",
                                                            "Schema": "public",
                                                            "Alias": "lineitem",
                                                            "Startup Cost": 0.43,
                                                            "Total Cost": 1.07,
                                                            "Plan Rows": 16,
                                                            "Plan Width": 9,
                                                            "Actual Startup Time": 0.074,
                                                            "Actual Total Time": 0.077,
                                                            "Actual Rows": 7,
                                                            "Actual Loops": 4,
                                                            "Output": [
                                                                "lineitem.l_orderkey",
                                                                "lineitem.l_partkey",
                                                                "lineitem.l_suppkey",
                                                                "lineitem.l_linenumber",
                                                                "lineitem.l_quantity",
                                                                "lineitem.l_extendedprice",
                                                                "lineitem.l_discount",
                                                                "lineitem.l_tax",
                                                                "lineitem.l_returnflag",
                                                                "lineitem.l_linestatus",
                                                                "lineitem.l_shipdate",
                                                                "lineitem.l_commitdate",
                                                                "lineitem.l_receiptdate",
                                                                "lineitem.l_shipinstruct",
                                                                "lineitem.l_shipmode",
                                                                "lineitem.l_comment"
                                                            ],
                                                            "Index Cond": "(lineitem.l_orderkey = orders.o_orderkey)",
                                                            "Rows Removed by Index Recheck": 0
                                                        }
                                                    ]
                                                }
                                            ]
                                        }
                                    ]
                                }
                            ]
                        }
                    ]
                },
                "Planning Time": 13.737,
                "Triggers": [],
                "Execution Time": 10977.567
            }
        ]
    ]
]