[
    [
        [
            {
                "Plan": {
                    "Node Type": "Aggregate",
                    "Strategy": "Plain",
                    "Partial Mode": "Simple",
                    "Parallel Aware": false,
                    "Async Capable": false,
                    "Startup Cost": 306474.56,
                    "Total Cost": 306474.57,
                    "Plan Rows": 1,
                    "Plan Width": 32,
                    "Actual Startup Time": 6679.328,
                    "Actual Total Time": 6679.332,
                    "Actual Rows": 1,
                    "Actual Loops": 1,
                    "Output": [
                        "sum((lineitem.l_extendedprice * ('1'::numeric - lineitem.l_discount)))"
                    ],
                    "Plans": [
                        {
                            "Node Type": "Hash Join",
                            "Parent Relationship": "Outer",
                            "Parallel Aware": false,
                            "Async Capable": false,
                            "Join Type": "Inner",
                            "Startup Cost": 12760.29,
                            "Total Cost": 306471.01,
                            "Plan Rows": 474,
                            "Plan Width": 12,
                            "Actual Startup Time": 159.253,
                            "Actual Total Time": 6675.883,
                            "Actual Rows": 483,
                            "Actual Loops": 1,
                            "Output": [
                                "lineitem.l_extendedprice",
                                "lineitem.l_discount"
                            ],
                            "Inner Unique": true,
                            "Hash Cond": "(lineitem.l_partkey = part.p_partkey)",
                            "Join Filter": "(((part.p_brand = 'Brand#52'::bpchar) AND (part.p_container = ANY ('{\"SM CASE\",\"SM BOX\",\"SM PACK\",\"SM PKG\"}'::bpchar[])) AND (lineitem.l_quantity >= '3'::numeric) AND (lineitem.l_quantity <= '13'::numeric) AND (part.p_size <= 5)) OR ((part.p_brand = 'Brand#43'::bpchar) AND (part.p_container = ANY ('{\"MED BAG\",\"MED BOX\",\"MED PKG\",\"MED PACK\"}'::bpchar[])) AND (lineitem.l_quantity >= '12'::numeric) AND (lineitem.l_quantity <= '22'::numeric) AND (part.p_size <= 10)) OR ((part.p_brand = 'Brand#52'::bpchar) AND (part.p_container = ANY ('{\"LG CASE\",\"LG BOX\",\"LG PACK\",\"LG PKG\"}'::bpchar[])) AND (lineitem.l_quantity >= '21'::numeric) AND (lineitem.l_quantity <= '31'::numeric) AND (part.p_size <= 15)))",
                            "Rows Removed by Join Filter": 785,
                            "Plans": [
                                {
                                    "Node Type": "Seq Scan",
                                    "Parent Relationship": "Outer",
                                    "Parallel Aware": false,
                                    "Async Capable": false,
                                    "Relation Name": "lineitem",
                                    "Schema": "public",
                                    "Alias": "lineitem",
                                    "Startup Cost": 0.0,
                                    "Total Cost": 292534.62,
                                    "Plan Rows": 448038,
                                    "Plan Width": 21,
                                    "Actual Startup Time": 0.164,
                                    "Actual Total Time": 6298.061,
                                    "Actual Rows": 498152,
                                    "Actual Loops": 1,
                                    "Output": [
                                        "lineitem.l_orderkey",
                                        "lineitem.l_partkey",
                                        "lineitem.l_suppkey",
                                        "lineitem.l_linenumber",
                                        "lineitem.l_quantity",
                                        "lineitem.l_extendedprice",
                                        "lineitem.l_discount",
                                        "lineitem.l_tax",
                                        "lineitem.l_returnflag",
                                        "lineitem.l_linestatus",
                                        "lineitem.l_shipdate",
                                        "lineitem.l_commitdate",
                                        "lineitem.l_receiptdate",
                                        "lineitem.l_shipinstruct",
                                        "lineitem.l_shipmode",
                                        "lineitem.l_comment"
                                    ],
                                    "Filter": "((lineitem.l_shipmode = ANY ('{AIR,\"AIR REG\"}'::bpchar[])) AND (lineitem.l_shipinstruct = 'DELIVER IN PERSON'::bpchar) AND (((lineitem.l_quantity >= '3'::numeric) AND (lineitem.l_quantity <= '13'::numeric)) OR ((lineitem.l_quantity >= '12'::numeric) AND (lineitem.l_quantity <= '22'::numeric)) OR ((lineitem.l_quantity >= '21'::numeric) AND (lineitem.l_quantity <= '31'::numeric))))",
                                    "Rows Removed by Filter": 5503063
                                },
                                {
                                    "Node Type": "Hash",
                                    "Parent Relationship": "Inner",
                                    "Parallel Aware": false,
                                    "Async Capable": false,
                                    "Startup Cost": 12754.0,
                                    "Total Cost": 12754.0,
                                    "Plan Rows": 503,
                                    "Plan Width": 30,
                                    "Actual Startup Time": 158.616,
                                    "Actual Total Time": 158.618,
                                    "Actual Rows": 504,
                                    "Actual Loops": 1,
                                    "Output": [
                                        "part.p_partkey",
                                        "part.p_brand",
                                        "part.p_container",
                                        "part.p_size"
                                    ],
                                    "Hash Buckets": 1024,
                                    "Original Hash Buckets": 1024,
                                    "Hash Batches": 1,
                                    "Original Hash Batches": 1,
                                    "Peak Memory Usage": 40,
                                    "Plans": [
                                        {
                                            "Node Type": "Seq Scan",
                                            "Parent Relationship": "Outer",
                                            "Parallel Aware": false,
                                            "Async Capable": false,
                                            "Relation Name": "part",
                                            "Schema": "public",
                                            "Alias": "part",
                                            "Startup Cost": 0.0,
                                            "Total Cost": 12754.0,
                                            "Plan Rows": 503,
                                            "Plan Width": 30,
                                            "Actual Startup Time": 0.843,
                                            "Actual Total Time": 157.829,
                                            "Actual Rows": 504,
                                            "Actual Loops": 1,
                                            "Output": [
                                                "part.p_partkey",
                                                "part.p_brand",
                                                "part.p_container",
                                                "part.p_size"
                                            ],
                                            "Filter": "((part.p_size >= 1) AND (((part.p_brand = 'Brand#52'::bpchar) AND (part.p_container = ANY ('{\"SM CASE\",\"SM BOX\",\"SM PACK\",\"SM PKG\"}'::bpchar[])) AND (part.p_size <= 5)) OR ((part.p_brand = 'Brand#43'::bpchar) AND (part.p_container = ANY ('{\"MED BAG\",\"MED BOX\",\"MED PKG\",\"MED PACK\"}'::bpchar[])) AND (part.p_size <= 10)) OR ((part.p_brand = 'Brand#52'::bpchar) AND (part.p_container = ANY ('{\"LG CASE\",\"LG BOX\",\"LG PACK\",\"LG PKG\"}'::bpchar[])) AND (part.p_size <= 15))))",
                                            "Rows Removed by Filter": 199496
                                        }
                                    ]
                                }
                            ]
                        }
                    ]
                },
                "Planning Time": 10.744,
                "Triggers": [],
                "Execution Time": 6679.477
            }
        ]
    ]
]