[
    [
        [
            {
                "Plan": {
                    "Node Type": "Sort",
                    "Parallel Aware": false,
                    "Async Capable": false,
                    "Startup Cost": 392196.87,
                    "Total Cost": 392196.89,
                    "Plan Rows": 6,
                    "Plan Width": 236,
                    "Actual Startup Time": 23260.024,
                    "Actual Total Time": 23260.027,
                    "Actual Rows": 4,
                    "Actual Loops": 1,
                    "Output": [
                        "l_returnflag",
                        "l_linestatus",
                        "(sum(l_quantity))",
                        "(sum(l_extendedprice))",
                        "(sum((l_extendedprice * ('1'::numeric - l_discount))))",
                        "(sum(((l_extendedprice * ('1'::numeric - l_discount)) * ('1'::numeric + l_tax))))",
                        "(avg(l_quantity))",
                        "(avg(l_extendedprice))",
                        "(avg(l_discount))",
                        "(count(*))"
                    ],
                    "Sort Key": [
                        "lineitem.l_returnflag",
                        "lineitem.l_linestatus"
                    ],
                    "Sort Method": "quicksort",
                    "Sort Space Used": 25,
                    "Sort Space Type": "Memory",
                    "Plans": [
                        {
                            "Node Type": "Aggregate",
                            "Strategy": "Hashed",
                            "Partial Mode": "Simple",
                            "Parent Relationship": "Outer",
                            "Parallel Aware": false,
                            "Async Capable": false,
                            "Startup Cost": 392196.63,
                            "Total Cost": 392196.79,
                            "Plan Rows": 6,
                            "Plan Width": 236,
                            "Actual Startup Time": 23259.917,
                            "Actual Total Time": 23259.935,
                            "Actual Rows": 4,
                            "Actual Loops": 1,
                            "Output": [
                                "l_returnflag",
                                "l_linestatus",
                                "sum(l_quantity)",
                                "sum(l_extendedprice)",
                                "sum((l_extendedprice * ('1'::numeric - l_discount)))",
                                "sum(((l_extendedprice * ('1'::numeric - l_discount)) * ('1'::numeric + l_tax)))",
                                "avg(l_quantity)",
                                "avg(l_extendedprice)",
                                "avg(l_discount)",
                                "count(*)"
                            ],
                            "Group Key": [
                                "lineitem.l_returnflag",
                                "lineitem.l_linestatus"
                            ],
                            "Planned Partitions": 0,
                            "HashAgg Batches": 1,
                            "Peak Memory Usage": 32,
                            "Disk Usage": 0,
                            "Plans": [
                                {
                                    "Node Type": "Seq Scan",
                                    "Parent Relationship": "Outer",
                                    "Parallel Aware": false,
                                    "Async Capable": false,
                                    "Relation Name": "lineitem",
                                    "Schema": "public",
                                    "Alias": "lineitem",
                                    "Startup Cost": 0.0,
                                    "Total Cost": 187512.67,
                                    "Plan Rows": 5848113,
                                    "Plan Width": 25,
                                    "Actual Startup Time": 0.111,
                                    "Actual Total Time": 4454.163,
                                    "Actual Rows": 5851457,
                                    "Actual Loops": 1,
                                    "Output": [
                                        "l_orderkey",
                                        "l_partkey",
                                        "l_suppkey",
                                        "l_linenumber",
                                        "l_quantity",
                                        "l_extendedprice",
                                        "l_discount",
                                        "l_tax",
                                        "l_returnflag",
                                        "l_linestatus",
                                        "l_shipdate",
                                        "l_commitdate",
                                        "l_receiptdate",
                                        "l_shipinstruct",
                                        "l_shipmode",
                                        "l_comment"
                                    ],
                                    "Filter": "(lineitem.l_shipdate <= '1998-08-03 00:00:00'::timestamp without time zone)",
                                    "Rows Removed by Filter": 149758
                                }
                            ]
                        }
                    ]
                },
                "Planning Time": 3.595,
                "Triggers": [],
                "Execution Time": 23260.246
            }
        ]
    ]
]