[
    [
        [
            {
                "Plan": {
                    "Node Type": "Sort",
                    "Parallel Aware": false,
                    "Async Capable": false,
                    "Startup Cost": 616854.95,
                    "Total Cost": 616854.95,
                    "Plan Rows": 1,
                    "Plan Width": 37,
                    "Actual Startup Time": 103.925,
                    "Actual Total Time": 103.93,
                    "Actual Rows": 0,
                    "Actual Loops": 1,
                    "Output": [
                        "supplier.s_name",
                        "supplier.s_address"
                    ],
                    "Sort Key": [
                        "supplier.s_name"
                    ],
                    "Sort Method": "quicksort",
                    "Sort Space Used": 25,
                    "Sort Space Type": "Memory",
                    "Plans": [
                        {
                            "Node Type": "Nested Loop",
                            "Parent Relationship": "Outer",
                            "Parallel Aware": false,
                            "Async Capable": false,
                            "Join Type": "Inner",
                            "Startup Cost": 0.42,
                            "Total Cost": 616854.94,
                            "Plan Rows": 1,
                            "Plan Width": 37,
                            "Actual Startup Time": 103.848,
                            "Actual Total Time": 103.852,
                            "Actual Rows": 0,
                            "Actual Loops": 1,
                            "Output": [
                                "supplier.s_name",
                                "supplier.s_address"
                            ],
                            "Inner Unique": true,
                            "Join Filter": "(supplier.s_nationkey = nation.n_nationkey)",
                            "Rows Removed by Join Filter": 0,
                            "Plans": [
                                {
                                    "Node Type": "Nested Loop",
                                    "Parent Relationship": "Outer",
                                    "Parallel Aware": false,
                                    "Async Capable": false,
                                    "Join Type": "Semi",
                                    "Startup Cost": 0.42,
                                    "Total Cost": 616842.8,
                                    "Plan Rows": 1,
                                    "Plan Width": 41,
                                    "Actual Startup Time": 103.847,
                                    "Actual Total Time": 103.85,
                                    "Actual Rows": 0,
                                    "Actual Loops": 1,
                                    "Output": [
                                        "supplier.s_name",
                                        "supplier.s_address",
                                        "supplier.s_nationkey"
                                    ],
                                    "Inner Unique": false,
                                    "Join Filter": "(supplier.s_suppkey = partsupp.ps_suppkey)",
                                    "Rows Removed by Join Filter": 0,
                                    "Plans": [
                                        {
                                            "Node Type": "Seq Scan",
                                            "Parent Relationship": "Outer",
                                            "Parallel Aware": false,
                                            "Async Capable": false,
                                            "Relation Name": "supplier",
                                            "Schema": "public",
                                            "Alias": "supplier",
                                            "Startup Cost": 0.0,
                                            "Total Cost": 305.0,
                                            "Plan Rows": 10000,
                                            "Plan Width": 45,
                                            "Actual Startup Time": 0.077,
                                            "Actual Total Time": 21.424,
                                            "Actual Rows": 10000,
                                            "Actual Loops": 1,
                                            "Output": [
                                                "supplier.s_suppkey",
                                                "supplier.s_name",
                                                "supplier.s_address",
                                                "supplier.s_nationkey",
                                                "supplier.s_phone",
                                                "supplier.s_acctbal",
                                                "supplier.s_comment"
                                            ]
                                        },
                                        {
                                            "Node Type": "Materialize",
                                            "Parent Relationship": "Inner",
                                            "Parallel Aware": false,
                                            "Async Capable": false,
                                            "Startup Cost": 0.42,
                                            "Total Cost": 616387.8,
                                            "Plan Rows": 1,
                                            "Plan Width": 4,
                                            "Actual Startup Time": 0.008,
                                            "Actual Total Time": 0.008,
                                            "Actual Rows": 0,
                                            "Actual Loops": 10000,
                                            "Output": [
                                                "partsupp.ps_suppkey"
                                            ],
                                            "Plans": [
                                                {
                                                    "Node Type": "Nested Loop",
                                                    "Parent Relationship": "Outer",
                                                    "Parallel Aware": false,
                                                    "Async Capable": false,
                                                    "Join Type": "Inner",
                                                    "Startup Cost": 0.42,
                                                    "Total Cost": 616387.8,
                                                    "Plan Rows": 1,
                                                    "Plan Width": 4,
                                                    "Actual Startup Time": 79.511,
                                                    "Actual Total Time": 79.514,
                                                    "Actual Rows": 0,
                                                    "Actual Loops": 1,
                                                    "Output": [
                                                        "partsupp.ps_suppkey"
                                                    ],
                                                    "Inner Unique": false,
                                                    "Plans": [
                                                        {
                                                            "Node Type": "Seq Scan",
                                                            "Parent Relationship": "Outer",
                                                            "Parallel Aware": false,
                                                            "Async Capable": false,
                                                            "Relation Name": "part",
                                                            "Schema": "public",
                                                            "Alias": "part",
                                                            "Startup Cost": 0.0,
                                                            "Total Cost": 6754.0,
                                                            "Plan Rows": 1,
                                                            "Plan Width": 4,
                                                            "Actual Startup Time": 79.509,
                                                            "Actual Total Time": 79.509,
                                                            "Actual Rows": 0,
                                                            "Actual Loops": 1,
                                                            "Output": [
                                                                "part.p_partkey",
                                                                "part.p_name",
                                                                "part.p_mfgr",
                                                                "part.p_brand",
                                                                "part.p_type",
                                                                "part.p_size",
                                                                "part.p_container",
                                                                "part.p_retailprice",
                                                                "part.p_comment"
                                                            ],
                                                            "Filter": "((part.p_name)::text ~~ 'drab%'::text)",
                                                            "Rows Removed by Filter": 200000
                                                        },
                                                        {
                                                            "Node Type": "Index Scan",
                                                            "Parent Relationship": "Inner",
                                                            "Parallel Aware": false,
                                                            "Async Capable": false,
                                                            "Scan Direction": "Forward",
                                                            "Index Name": "partsupp_pkey",
                                                            "Relation Name": "partsupp",
                                                            "Schema": "public",
                                                            "Alias": "partsupp",
                                                            "Startup Cost": 0.42,
                                                            "Total Cost": 609633.79,
                                                            "Plan Rows": 1,
                                                            "Plan Width": 8,
                                                            "Actual Startup Time": 0.0,
                                                            "Actual Total Time": 0.0,
                                                            "Actual Rows": 0,
                                                            "Actual Loops": 0,
                                                            "Output": [
                                                                "partsupp.ps_partkey",
                                                                "partsupp.ps_suppkey",
                                                                "partsupp.ps_availqty",
                                                                "partsupp.ps_supplycost",
                                                                "partsupp.ps_comment"
                                                            ],
                                                            "Index Cond": "(partsupp.ps_partkey = part.p_partkey)",
                                                            "Rows Removed by Index Recheck": 0,
                                                            "Filter": "((partsupp.ps_availqty)::numeric > (SubPlan 1))",
                                                            "Rows Removed by Filter": 0,
                                                            "Plans": [
                                                                {
                                                                    "Node Type": "Aggregate",
                                                                    "Strategy": "Plain",
                                                                    "Partial Mode": "Simple",
                                                                    "Parent Relationship": "SubPlan",
                                                                    "Subplan Name": "SubPlan 1",
                                                                    "Parallel Aware": false,
                                                                    "Async Capable": false,
                                                                    "Startup Cost": 152404.99,
                                                                    "Total Cost": 152405.01,
                                                                    "Plan Rows": 1,
                                                                    "Plan Width": 32,
                                                                    "Actual Startup Time": 0.0,
                                                                    "Actual Total Time": 0.0,
                                                                    "Actual Rows": 0,
                                                                    "Actual Loops": 0,
                                                                    "Output": [
                                                                        "(0.5 * sum(lineitem.l_quantity))"
                                                                    ],
                                                                    "Plans": [
                                                                        {
                                                                            "Node Type": "Index Scan",
                                                                            "Parent Relationship": "Outer",
                                                                            "Parallel Aware": false,
                                                                            "Async Capable": false,
                                                                            "Scan Direction": "Forward",
                                                                            "Index Name": "lineitem_pkey",
                                                                            "Relation Name": "lineitem",
                                                                            "Schema": "public",
                                                                            "Alias": "lineitem",
                                                                            "Startup Cost": 0.43,
                                                                            "Total Cost": 152404.99,
                                                                            "Plan Rows": 1,
                                                                            "Plan Width": 5,
                                                                            "Actual Startup Time": 0.0,
                                                                            "Actual Total Time": 0.0,
                                                                            "Actual Rows": 0,
                                                                            "Actual Loops": 0,
                                                                            "Output": [
                                                                                "lineitem.l_orderkey",
                                                                                "lineitem.l_partkey",
                                                                                "lineitem.l_suppkey",
                                                                                "lineitem.l_linenumber",
                                                                                "lineitem.l_quantity",
                                                                                "lineitem.l_extendedprice",
                                                                                "lineitem.l_discount",
                                                                                "lineitem.l_tax",
                                                                                "lineitem.l_returnflag",
                                                                                "lineitem.l_linestatus",
                                                                                "lineitem.l_shipdate",
                                                                                "lineitem.l_commitdate",
                                                                                "lineitem.l_receiptdate",
                                                                                "lineitem.l_shipinstruct",
                                                                                "lineitem.l_shipmode",
                                                                                "lineitem.l_comment"
                                                                            ],
                                                                            "Index Cond": "((lineitem.l_partkey = partsupp.ps_partkey) AND (lineitem.l_suppkey = partsupp.ps_suppkey))",
                                                                            "Rows Removed by Index Recheck": 0,
                                                                            "Filter": "((lineitem.l_shipdate >= '1996-01-01'::date) AND (lineitem.l_shipdate < '1997-01-01 00:00:00'::timestamp without time zone))",
                                                                            "Rows Removed by Filter": 0
                                                                        }
                                                                    ]
                                                                }
                                                            ]
                                                        }
                                                    ]
                                                }
                                            ]
                                        }
                                    ]
                                },
                                {
                                    "Node Type": "Seq Scan",
                                    "Parent Relationship": "Inner",
                                    "Parallel Aware": false,
                                    "Async Capable": false,
                                    "Relation Name": "nation",
                                    "Schema": "public",
                                    "Alias": "nation",
                                    "Startup Cost": 0.0,
                                    "Total Cost": 12.13,
                                    "Plan Rows": 1,
                                    "Plan Width": 4,
                                    "Actual Startup Time": 0.0,
                                    "Actual Total Time": 0.0,
                                    "Actual Rows": 0,
                                    "Actual Loops": 0,
                                    "Output": [
                                        "nation.n_nationkey",
                                        "nation.n_name",
                                        "nation.n_regionkey",
                                        "nation.n_comment"
                                    ],
                                    "Filter": "(nation.n_name = 'KENYA'::bpchar)",
                                    "Rows Removed by Filter": 0
                                }
                            ]
                        }
                    ]
                },
                "Planning Time": 14.744,
                "Triggers": [],
                "Execution Time": 104.234
            }
        ]
    ]
]