[
    [
        [
            {
                "Plan": {
                    "Node Type": "Limit",
                    "Parallel Aware": false,
                    "Async Capable": false,
                    "Startup Cost": 203124.55,
                    "Total Cost": 203124.56,
                    "Plan Rows": 1,
                    "Plan Width": 34,
                    "Actual Startup Time": 7094.686,
                    "Actual Total Time": 7094.729,
                    "Actual Rows": 100,
                    "Actual Loops": 1,
                    "Output": [
                        "supplier.s_name",
                        "(count(*))"
                    ],
                    "Plans": [
                        {
                            "Node Type": "Sort",
                            "Parent Relationship": "Outer",
                            "Parallel Aware": false,
                            "Async Capable": false,
                            "Startup Cost": 203124.55,
                            "Total Cost": 203124.56,
                            "Plan Rows": 1,
                            "Plan Width": 34,
                            "Actual Startup Time": 7094.684,
                            "Actual Total Time": 7094.709,
                            "Actual Rows": 100,
                            "Actual Loops": 1,
                            "Output": [
                                "supplier.s_name",
                                "(count(*))"
                            ],
                            "Sort Key": [
                                "(count(*)) DESC",
                                "supplier.s_name"
                            ],
                            "Sort Method": "top-N heapsort",
                            "Sort Space Used": 37,
                            "Sort Space Type": "Memory",
                            "Plans": [
                                {
                                    "Node Type": "Aggregate",
                                    "Strategy": "Sorted",
                                    "Partial Mode": "Simple",
                                    "Parent Relationship": "Outer",
                                    "Parallel Aware": false,
                                    "Async Capable": false,
                                    "Startup Cost": 203124.52,
                                    "Total Cost": 203124.54,
                                    "Plan Rows": 1,
                                    "Plan Width": 34,
                                    "Actual Startup Time": 7092.614,
                                    "Actual Total Time": 7093.361,
                                    "Actual Rows": 398,
                                    "Actual Loops": 1,
                                    "Output": [
                                        "supplier.s_name",
                                        "count(*)"
                                    ],
                                    "Group Key": [
                                        "supplier.s_name"
                                    ],
                                    "Plans": [
                                        {
                                            "Node Type": "Sort",
                                            "Parent Relationship": "Outer",
                                            "Parallel Aware": false,
                                            "Async Capable": false,
                                            "Startup Cost": 203124.52,
                                            "Total Cost": 203124.53,
                                            "Plan Rows": 1,
                                            "Plan Width": 26,
                                            "Actual Startup Time": 7092.569,
                                            "Actual Total Time": 7092.697,
                                            "Actual Rows": 1121,
                                            "Actual Loops": 1,
                                            "Output": [
                                                "supplier.s_name"
                                            ],
                                            "Sort Key": [
                                                "supplier.s_name"
                                            ],
                                            "Sort Method": "quicksort",
                                            "Sort Space Used": 127,
                                            "Sort Space Type": "Memory",
                                            "Plans": [
                                                {
                                                    "Node Type": "Nested Loop",
                                                    "Parent Relationship": "Outer",
                                                    "Parallel Aware": false,
                                                    "Async Capable": false,
                                                    "Join Type": "Inner",
                                                    "Startup Cost": 346.07,
                                                    "Total Cost": 203124.51,
                                                    "Plan Rows": 1,
                                                    "Plan Width": 26,
                                                    "Actual Startup Time": 7.806,
                                                    "Actual Total Time": 7083.656,
                                                    "Actual Rows": 1121,
                                                    "Actual Loops": 1,
                                                    "Output": [
                                                        "supplier.s_name"
                                                    ],
                                                    "Inner Unique": true,
                                                    "Plans": [
                                                        {
                                                            "Node Type": "Nested Loop",
                                                            "Parent Relationship": "Outer",
                                                            "Parallel Aware": false,
                                                            "Async Capable": false,
                                                            "Join Type": "Semi",
                                                            "Startup Cost": 345.65,
                                                            "Total Cost": 203124.02,
                                                            "Plan Rows": 1,
                                                            "Plan Width": 34,
                                                            "Actual Startup Time": 5.832,
                                                            "Actual Total Time": 6968.509,
                                                            "Actual Rows": 2233,
                                                            "Actual Loops": 1,
                                                            "Output": [
                                                                "supplier.s_name",
                                                                "l1.l_orderkey",
                                                                "l2.l_orderkey"
                                                            ],
                                                            "Inner Unique": false,
                                                            "Plans": [
                                                                {
                                                                    "Node Type": "Nested Loop",
                                                                    "Parent Relationship": "Outer",
                                                                    "Parallel Aware": false,
                                                                    "Async Capable": false,
                                                                    "Join Type": "Anti",
                                                                    "Startup Cost": 345.21,
                                                                    "Total Cost": 203123.2,
                                                                    "Plan Rows": 1,
                                                                    "Plan Width": 34,
                                                                    "Actual Startup Time": 5.679,
                                                                    "Actual Total Time": 6913.166,
                                                                    "Actual Rows": 10099,
                                                                    "Actual Loops": 1,
                                                                    "Output": [
                                                                        "supplier.s_name",
                                                                        "l1.l_suppkey",
                                                                        "l1.l_orderkey"
                                                                    ],
                                                                    "Inner Unique": false,
                                                                    "Plans": [
                                                                        {
                                                                            "Node Type": "Hash Join",
                                                                            "Parent Relationship": "Outer",
                                                                            "Parallel Aware": false,
                                                                            "Async Capable": false,
                                                                            "Join Type": "Inner",
                                                                            "Startup Cost": 344.78,
                                                                            "Total Cost": 195476.88,
                                                                            "Plan Rows": 11767,
                                                                            "Plan Width": 34,
                                                                            "Actual Startup Time": 4.63,
                                                                            "Actual Total Time": 4906.533,
                                                                            "Actual Rows": 222416,
                                                                            "Actual Loops": 1,
                                                                            "Output": [
                                                                                "supplier.s_name",
                                                                                "l1.l_suppkey",
                                                                                "l1.l_orderkey"
                                                                            ],
                                                                            "Inner Unique": false,
                                                                            "Hash Cond": "(l1.l_suppkey = supplier.s_suppkey)",
                                                                            "Plans": [
                                                                                {
                                                                                    "Node Type": "Seq Scan",
                                                                                    "Parent Relationship": "Outer",
                                                                                    "Parallel Aware": false,
                                                                                    "Async Capable": false,
                                                                                    "Relation Name": "lineitem",
                                                                                    "Schema": "public",
                                                                                    "Alias": "l1",
                                                                                    "Startup Cost": 0.0,
                                                                                    "Total Cost": 187512.67,
                                                                                    "Plan Rows": 2000418,
                                                                                    "Plan Width": 8,
                                                                                    "Actual Startup Time": 0.119,
                                                                                    "Actual Total Time": 3782.775,
                                                                                    "Actual Rows": 5283018,
                                                                                    "Actual Loops": 1,
                                                                                    "Output": [
                                                                                        "l1.l_orderkey",
                                                                                        "l1.l_partkey",
                                                                                        "l1.l_suppkey",
                                                                                        "l1.l_linenumber",
                                                                                        "l1.l_quantity",
                                                                                        "l1.l_extendedprice",
                                                                                        "l1.l_discount",
                                                                                        "l1.l_tax",
                                                                                        "l1.l_returnflag",
                                                                                        "l1.l_linestatus",
                                                                                        "l1.l_shipdate",
                                                                                        "l1.l_commitdate",
                                                                                        "l1.l_receiptdate",
                                                                                        "l1.l_shipinstruct",
                                                                                        "l1.l_shipmode",
                                                                                        "l1.l_comment"
                                                                                    ],
                                                                                    "Filter": "(l1.l_receiptdate > l1.l_commitdate)",
                                                                                    "Rows Removed by Filter": 718197
                                                                                },
                                                                                {
                                                                                    "Node Type": "Hash",
                                                                                    "Parent Relationship": "Inner",
                                                                                    "Parallel Aware": false,
                                                                                    "Async Capable": false,
                                                                                    "Startup Cost": 344.04,
                                                                                    "Total Cost": 344.04,
                                                                                    "Plan Rows": 59,
                                                                                    "Plan Width": 30,
                                                                                    "Actual Startup Time": 4.485,
                                                                                    "Actual Total Time": 4.489,
                                                                                    "Actual Rows": 421,
                                                                                    "Actual Loops": 1,
                                                                                    "Output": [
                                                                                        "supplier.s_name",
                                                                                        "supplier.s_suppkey"
                                                                                    ],
                                                                                    "Hash Buckets": 1024,
                                                                                    "Original Hash Buckets": 1024,
                                                                                    "Hash Batches": 1,
                                                                                    "Original Hash Batches": 1,
                                                                                    "Peak Memory Usage": 35,
                                                                                    "Plans": [
                                                                                        {
                                                                                            "Node Type": "Hash Join",
                                                                                            "Parent Relationship": "Outer",
                                                                                            "Parallel Aware": false,
                                                                                            "Async Capable": false,
                                                                                            "Join Type": "Inner",
                                                                                            "Startup Cost": 12.14,
                                                                                            "Total Cost": 344.04,
                                                                                            "Plan Rows": 59,
                                                                                            "Plan Width": 30,
                                                                                            "Actual Startup Time": 0.102,
                                                                                            "Actual Total Time": 4.355,
                                                                                            "Actual Rows": 421,
                                                                                            "Actual Loops": 1,
                                                                                            "Output": [
                                                                                                "supplier.s_name",
                                                                                                "supplier.s_suppkey"
                                                                                            ],
                                                                                            "Inner Unique": true,
                                                                                            "Hash Cond": "(supplier.s_nationkey = nation.n_nationkey)",
                                                                                            "Plans": [
                                                                                                {
                                                                                                    "Node Type": "Seq Scan",
                                                                                                    "Parent Relationship": "Outer",
                                                                                                    "Parallel Aware": false,
                                                                                                    "Async Capable": false,
                                                                                                    "Relation Name": "supplier",
                                                                                                    "Schema": "public",
                                                                                                    "Alias": "supplier",
                                                                                                    "Startup Cost": 0.0,
                                                                                                    "Total Cost": 305.0,
                                                                                                    "Plan Rows": 10000,
                                                                                                    "Plan Width": 34,
                                                                                                    "Actual Startup Time": 0.011,
                                                                                                    "Actual Total Time": 1.525,
                                                                                                    "Actual Rows": 10000,
                                                                                                    "Actual Loops": 1,
                                                                                                    "Output": [
                                                                                                        "supplier.s_suppkey",
                                                                                                        "supplier.s_name",
                                                                                                        "supplier.s_address",
                                                                                                        "supplier.s_nationkey",
                                                                                                        "supplier.s_phone",
                                                                                                        "supplier.s_acctbal",
                                                                                                        "supplier.s_comment"
                                                                                                    ]
                                                                                                },
                                                                                                {
                                                                                                    "Node Type": "Hash",
                                                                                                    "Parent Relationship": "Inner",
                                                                                                    "Parallel Aware": false,
                                                                                                    "Async Capable": false,
                                                                                                    "Startup Cost": 12.13,
                                                                                                    "Total Cost": 12.13,
                                                                                                    "Plan Rows": 1,
                                                                                                    "Plan Width": 4,
                                                                                                    "Actual Startup Time": 0.076,
                                                                                                    "Actual Total Time": 0.078,
                                                                                                    "Actual Rows": 1,
                                                                                                    "Actual Loops": 1,
                                                                                                    "Output": [
                                                                                                        "nation.n_nationkey"
                                                                                                    ],
                                                                                                    "Hash Buckets": 1024,
                                                                                                    "Original Hash Buckets": 1024,
                                                                                                    "Hash Batches": 1,
                                                                                                    "Original Hash Batches": 1,
                                                                                                    "Peak Memory Usage": 9,
                                                                                                    "Plans": [
                                                                                                        {
                                                                                                            "Node Type": "Seq Scan",
                                                                                                            "Parent Relationship": "Outer",
                                                                                                            "Parallel Aware": false,
                                                                                                            "Async Capable": false,
                                                                                                            "Relation Name": "nation",
                                                                                                            "Schema": "public",
                                                                                                            "Alias": "nation",
                                                                                                            "Startup Cost": 0.0,
                                                                                                            "Total Cost": 12.13,
                                                                                                            "Plan Rows": 1,
                                                                                                            "Plan Width": 4,
                                                                                                            "Actual Startup Time": 0.07,
                                                                                                            "Actual Total Time": 0.072,
                                                                                                            "Actual Rows": 1,
                                                                                                            "Actual Loops": 1,
                                                                                                            "Output": [
                                                                                                                "nation.n_nationkey"
                                                                                                            ],
                                                                                                            "Filter": "(nation.n_name = 'PERU'::bpchar)",
                                                                                                            "Rows Removed by Filter": 24
                                                                                                        }
                                                                                                    ]
                                                                                                }
                                                                                            ]
                                                                                        }
                                                                                    ]
                                                                                }
                                                                            ]
                                                                        },
                                                                        {
                                                                            "Node Type": "Index Scan",
                                                                            "Parent Relationship": "Inner",
                                                                            "Parallel Aware": false,
                                                                            "Async Capable": false,
                                                                            "Scan Direction": "Forward",
                                                                            "Index Name": "lineitem_pkey",
                                                                            "Relation Name": "lineitem",
                                                                            "Schema": "public",
                                                                            "Alias": "l3",
                                                                            "Startup Cost": 0.43,
                                                                            "Total Cost": 1.06,
                                                                            "Plan Rows": 5,
                                                                            "Plan Width": 8,
                                                                            "Actual Startup Time": 0.008,
                                                                            "Actual Total Time": 0.008,
                                                                            "Actual Rows": 1,
                                                                            "Actual Loops": 222416,
                                                                            "Output": [
                                                                                "l3.l_orderkey",
                                                                                "l3.l_partkey",
                                                                                "l3.l_suppkey",
                                                                                "l3.l_linenumber",
                                                                                "l3.l_quantity",
                                                                                "l3.l_extendedprice",
                                                                                "l3.l_discount",
                                                                                "l3.l_tax",
                                                                                "l3.l_returnflag",
                                                                                "l3.l_linestatus",
                                                                                "l3.l_shipdate",
                                                                                "l3.l_commitdate",
                                                                                "l3.l_receiptdate",
                                                                                "l3.l_shipinstruct",
                                                                                "l3.l_shipmode",
                                                                                "l3.l_comment"
                                                                            ],
                                                                            "Index Cond": "(l3.l_orderkey = l1.l_orderkey)",
                                                                            "Rows Removed by Index Recheck": 0,
                                                                            "Filter": "((l3.l_receiptdate > l3.l_commitdate) AND (l3.l_suppkey <> l1.l_suppkey))",
                                                                            "Rows Removed by Filter": 0
                                                                        }
                                                                    ]
                                                                },
                                                                {
                                                                    "Node Type": "Index Only Scan",
                                                                    "Parent Relationship": "Inner",
                                                                    "Parallel Aware": false,
                                                                    "Async Capable": false,
                                                                    "Scan Direction": "Forward",
                                                                    "Index Name": "lineitem_pkey",
                                                                    "Relation Name": "lineitem",
                                                                    "Schema": "public",
                                                                    "Alias": "l2",
                                                                    "Startup Cost": 0.43,
                                                                    "Total Cost": 0.8,
                                                                    "Plan Rows": 16,
                                                                    "Plan Width": 8,
                                                                    "Actual Startup Time": 0.004,
                                                                    "Actual Total Time": 0.004,
                                                                    "Actual Rows": 0,
                                                                    "Actual Loops": 10099,
                                                                    "Output": [
                                                                        "l2.l_orderkey",
                                                                        "l2.l_partkey",
                                                                        "l2.l_suppkey",
                                                                        "l2.l_linenumber"
                                                                    ],
                                                                    "Index Cond": "(l2.l_orderkey = l1.l_orderkey)",
                                                                    "Rows Removed by Index Recheck": 0,
                                                                    "Filter": "(l2.l_suppkey <> l1.l_suppkey)",
                                                                    "Rows Removed by Filter": 1,
                                                                    "Heap Fetches": 0
                                                                }
                                                            ]
                                                        },
                                                        {
                                                            "Node Type": "Index Scan",
                                                            "Parent Relationship": "Inner",
                                                            "Parallel Aware": false,
                                                            "Async Capable": false,
                                                            "Scan Direction": "Forward",
                                                            "Index Name": "orders_pkey",
                                                            "Relation Name": "orders",
                                                            "Schema": "public",
                                                            "Alias": "orders",
                                                            "Startup Cost": 0.43,
                                                            "Total Cost": 0.5,
                                                            "Plan Rows": 1,
                                                            "Plan Width": 4,
                                                            "Actual Startup Time": 0.05,
                                                            "Actual Total Time": 0.05,
                                                            "Actual Rows": 1,
                                                            "Actual Loops": 2233,
                                                            "Output": [
                                                                "orders.o_orderkey",
                                                                "orders.o_custkey",
                                                                "orders.o_orderstatus",
                                                                "orders.o_totalprice",
                                                                "orders.o_orderdate",
                                                                "orders.o_orderpriority",
                                                                "orders.o_clerk",
                                                                "orders.o_shippriority",
                                                                "orders.o_comment"
                                                            ],
                                                            "Index Cond": "(orders.o_orderkey = l1.l_orderkey)",
                                                            "Rows Removed by Index Recheck": 0,
                                                            "Filter": "(orders.o_orderstatus = 'F'::bpchar)",
                                                            "Rows Removed by Filter": 0
                                                        }
                                                    ]
                                                }
                                            ]
                                        }
                                    ]
                                }
                            ]
                        }
                    ]
                },
                "Planning Time": 16.155,
                "Triggers": [],
                "Execution Time": 7095.124
            }
        ]
    ]
]