[
    [
        [
            {
                "Plan": {
                    "Node Type": "Aggregate",
                    "Strategy": "Sorted",
                    "Partial Mode": "Simple",
                    "Parallel Aware": false,
                    "Async Capable": false,
                    "Startup Cost": 80600.82,
                    "Total Cost": 80620.57,
                    "Plan Rows": 718,
                    "Plan Width": 72,
                    "Actual Startup Time": 706.967,
                    "Actual Total Time": 706.971,
                    "Actual Rows": 0,
                    "Actual Loops": 1,
                    "Output": [
                        "(SUBSTRING(customer.c_phone FROM 1 FOR 2))",
                        "count(*)",
                        "sum(customer.c_acctbal)"
                    ],
                    "Group Key": [
                        "(SUBSTRING(customer.c_phone FROM 1 FOR 2))"
                    ],
                    "Plans": [
                        {
                            "Node Type": "Aggregate",
                            "Strategy": "Plain",
                            "Partial Mode": "Simple",
                            "Parent Relationship": "InitPlan",
                            "Subplan Name": "InitPlan 1 (returns $0)",
                            "Parallel Aware": false,
                            "Async Capable": false,
                            "Startup Cost": 7533.44,
                            "Total Cost": 7533.45,
                            "Plan Rows": 1,
                            "Plan Width": 32,
                            "Actual Startup Time": 656.961,
                            "Actual Total Time": 656.963,
                            "Actual Rows": 1,
                            "Actual Loops": 1,
                            "Output": [
                                "avg(customer_1.c_acctbal)"
                            ],
                            "Plans": [
                                {
                                    "Node Type": "Seq Scan",
                                    "Parent Relationship": "Outer",
                                    "Parallel Aware": false,
                                    "Async Capable": false,
                                    "Relation Name": "customer",
                                    "Schema": "public",
                                    "Alias": "customer_1",
                                    "Startup Cost": 0.0,
                                    "Total Cost": 7521.5,
                                    "Plan Rows": 4774,
                                    "Plan Width": 6,
                                    "Actual Startup Time": 656.685,
                                    "Actual Total Time": 656.685,
                                    "Actual Rows": 0,
                                    "Actual Loops": 1,
                                    "Output": [
                                        "customer_1.c_custkey",
                                        "customer_1.c_name",
                                        "customer_1.c_address",
                                        "customer_1.c_nationkey",
                                        "customer_1.c_phone",
                                        "customer_1.c_acctbal",
                                        "customer_1.c_mktsegment",
                                        "customer_1.c_comment"
                                    ],
                                    "Filter": "((customer_1.c_acctbal > 0.00) AND (SUBSTRING(customer_1.c_phone FROM 1 FOR 2) = ANY ('{24,32,17,18,12,14,22}'::text[])))",
                                    "Rows Removed by Filter": 150000
                                }
                            ]
                        },
                        {
                            "Node Type": "Sort",
                            "Parent Relationship": "Outer",
                            "Parallel Aware": false,
                            "Async Capable": false,
                            "Startup Cost": 73067.38,
                            "Total Cost": 73069.17,
                            "Plan Rows": 718,
                            "Plan Width": 38,
                            "Actual Startup Time": 706.962,
                            "Actual Total Time": 706.965,
                            "Actual Rows": 0,
                            "Actual Loops": 1,
                            "Output": [
                                "(SUBSTRING(customer.c_phone FROM 1 FOR 2))",
                                "customer.c_acctbal"
                            ],
                            "Sort Key": [
                                "(SUBSTRING(customer.c_phone FROM 1 FOR 2))"
                            ],
                            "Sort Method": "quicksort",
                            "Sort Space Used": 25,
                            "Sort Space Type": "Memory",
                            "Plans": [
                                {
                                    "Node Type": "Hash Join",
                                    "Parent Relationship": "Outer",
                                    "Parallel Aware": false,
                                    "Async Capable": false,
                                    "Join Type": "Anti",
                                    "Startup Cost": 59610.0,
                                    "Total Cost": 73033.31,
                                    "Plan Rows": 718,
                                    "Plan Width": 38,
                                    "Actual Startup Time": 706.891,
                                    "Actual Total Time": 706.894,
                                    "Actual Rows": 0,
                                    "Actual Loops": 1,
                                    "Output": [
                                        "SUBSTRING(customer.c_phone FROM 1 FOR 2)",
                                        "customer.c_acctbal"
                                    ],
                                    "Inner Unique": false,
                                    "Hash Cond": "(customer.c_custkey = orders.o_custkey)",
                                    "Plans": [
                                        {
                                            "Node Type": "Seq Scan",
                                            "Parent Relationship": "Outer",
                                            "Parallel Aware": false,
                                            "Async Capable": false,
                                            "Relation Name": "customer",
                                            "Schema": "public",
                                            "Alias": "customer",
                                            "Startup Cost": 0.0,
                                            "Total Cost": 7521.5,
                                            "Plan Rows": 1750,
                                            "Plan Width": 26,
                                            "Actual Startup Time": 706.889,
                                            "Actual Total Time": 706.89,
                                            "Actual Rows": 0,
                                            "Actual Loops": 1,
                                            "Output": [
                                                "customer.c_phone",
                                                "customer.c_acctbal",
                                                "customer.c_custkey"
                                            ],
                                            "Filter": "((customer.c_acctbal > $0) AND (SUBSTRING(customer.c_phone FROM 1 FOR 2) = ANY ('{24,32,17,18,12,14,22}'::text[])))",
                                            "Rows Removed by Filter": 150000
                                        },
                                        {
                                            "Node Type": "Hash",
                                            "Parent Relationship": "Inner",
                                            "Parallel Aware": false,
                                            "Async Capable": false,
                                            "Startup Cost": 35000.0,
                                            "Total Cost": 35000.0,
                                            "Plan Rows": 1500000,
                                            "Plan Width": 4,
                                            "Actual Startup Time": 0.0,
                                            "Actual Total Time": 0.0,
                                            "Actual Rows": 0,
                                            "Actual Loops": 0,
                                            "Output": [
                                                "orders.o_custkey"
                                            ],
                                            "Plans": [
                                                {
                                                    "Node Type": "Seq Scan",
                                                    "Parent Relationship": "Outer",
                                                    "Parallel Aware": false,
                                                    "Async Capable": false,
                                                    "Relation Name": "orders",
                                                    "Schema": "public",
                                                    "Alias": "orders",
                                                    "Startup Cost": 0.0,
                                                    "Total Cost": 35000.0,
                                                    "Plan Rows": 1500000,
                                                    "Plan Width": 4,
                                                    "Actual Startup Time": 0.0,
                                                    "Actual Total Time": 0.0,
                                                    "Actual Rows": 0,
                                                    "Actual Loops": 0,
                                                    "Output": [
                                                        "orders.o_custkey"
                                                    ]
                                                }
                                            ]
                                        }
                                    ]
                                }
                            ]
                        }
                    ]
                },
                "Planning Time": 18.929,
                "Triggers": [],
                "Execution Time": 707.117
            }
        ]
    ]
]