[
    [
        [
            {
                "Plan": {
                    "Node Type": "Limit",
                    "Parallel Aware": false,
                    "Async Capable": false,
                    "Startup Cost": 318502.82,
                    "Total Cost": 318502.84,
                    "Plan Rows": 10,
                    "Plan Width": 44,
                    "Actual Startup Time": 4325.191,
                    "Actual Total Time": 4325.2,
                    "Actual Rows": 10,
                    "Actual Loops": 1,
                    "Output": [
                        "lineitem.l_orderkey",
                        "(sum((lineitem.l_extendedprice * ('1'::numeric - lineitem.l_discount))))",
                        "orders.o_orderdate",
                        "orders.o_shippriority"
                    ],
                    "Plans": [
                        {
                            "Node Type": "Sort",
                            "Parent Relationship": "Outer",
                            "Parallel Aware": false,
                            "Async Capable": false,
                            "Startup Cost": 318502.82,
                            "Total Cost": 319288.96,
                            "Plan Rows": 314457,
                            "Plan Width": 44,
                            "Actual Startup Time": 4325.188,
                            "Actual Total Time": 4325.195,
                            "Actual Rows": 10,
                            "Actual Loops": 1,
                            "Output": [
                                "lineitem.l_orderkey",
                                "(sum((lineitem.l_extendedprice * ('1'::numeric - lineitem.l_discount))))",
                                "orders.o_orderdate",
                                "orders.o_shippriority"
                            ],
                            "Sort Key": [
                                "(sum((lineitem.l_extendedprice * ('1'::numeric - lineitem.l_discount)))) DESC",
                                "orders.o_orderdate"
                            ],
                            "Sort Method": "top-N heapsort",
                            "Sort Space Used": 26,
                            "Sort Space Type": "Memory",
                            "Plans": [
                                {
                                    "Node Type": "Aggregate",
                                    "Strategy": "Hashed",
                                    "Partial Mode": "Simple",
                                    "Parent Relationship": "Outer",
                                    "Parallel Aware": false,
                                    "Async Capable": false,
                                    "Startup Cost": 304091.76,
                                    "Total Cost": 311707.51,
                                    "Plan Rows": 314457,
                                    "Plan Width": 44,
                                    "Actual Startup Time": 4307.374,
                                    "Actual Total Time": 4319.676,
                                    "Actual Rows": 11331,
                                    "Actual Loops": 1,
                                    "Output": [
                                        "lineitem.l_orderkey",
                                        "sum((lineitem.l_extendedprice * ('1'::numeric - lineitem.l_discount)))",
                                        "orders.o_orderdate",
                                        "orders.o_shippriority"
                                    ],
                                    "Group Key": [
                                        "lineitem.l_orderkey",
                                        "orders.o_orderdate",
                                        "orders.o_shippriority"
                                    ],
                                    "Planned Partitions": 16,
                                    "HashAgg Batches": 1,
                                    "Peak Memory Usage": 5393,
                                    "Disk Usage": 0,
                                    "Plans": [
                                        {
                                            "Node Type": "Nested Loop",
                                            "Parent Relationship": "Outer",
                                            "Parallel Aware": false,
                                            "Async Capable": false,
                                            "Join Type": "Inner",
                                            "Startup Cost": 5836.49,
                                            "Total Cost": 278345.59,
                                            "Plan Rows": 314457,
                                            "Plan Width": 24,
                                            "Actual Startup Time": 96.742,
                                            "Actual Total Time": 4217.483,
                                            "Actual Rows": 29829,
                                            "Actual Loops": 1,
                                            "Output": [
                                                "lineitem.l_orderkey",
                                                "orders.o_orderdate",
                                                "orders.o_shippriority",
                                                "lineitem.l_extendedprice",
                                                "lineitem.l_discount"
                                            ],
                                            "Inner Unique": false,
                                            "Plans": [
                                                {
                                                    "Node Type": "Hash Join",
                                                    "Parent Relationship": "Outer",
                                                    "Parallel Aware": false,
                                                    "Async Capable": false,
                                                    "Join Type": "Inner",
                                                    "Startup Cost": 5836.06,
                                                    "Total Cost": 46510.99,
                                                    "Plan Rows": 147463,
                                                    "Plan Width": 12,
                                                    "Actual Startup Time": 95.796,
                                                    "Actual Total Time": 1342.469,
                                                    "Actual Rows": 146204,
                                                    "Actual Loops": 1,
                                                    "Output": [
                                                        "orders.o_orderdate",
                                                        "orders.o_shippriority",
                                                        "orders.o_orderkey"
                                                    ],
                                                    "Inner Unique": true,
                                                    "Hash Cond": "(orders.o_custkey = customer.c_custkey)",
                                                    "Plans": [
                                                        {
                                                            "Node Type": "Seq Scan",
                                                            "Parent Relationship": "Outer",
                                                            "Parallel Aware": false,
                                                            "Async Capable": false,
                                                            "Relation Name": "orders",
                                                            "Schema": "public",
                                                            "Alias": "orders",
                                                            "Startup Cost": 0.0,
                                                            "Total Cost": 38750.0,
                                                            "Plan Rows": 733283,
                                                            "Plan Width": 16,
                                                            "Actual Startup Time": 0.022,
                                                            "Actual Total Time": 710.079,
                                                            "Actual Rows": 732287,
                                                            "Actual Loops": 1,
                                                            "Output": [
                                                                "orders.o_orderkey",
                                                                "orders.o_custkey",
                                                                "orders.o_orderstatus",
                                                                "orders.o_totalprice",
                                                                "orders.o_orderdate",
                                                                "orders.o_orderpriority",
                                                                "orders.o_clerk",
                                                                "orders.o_shippriority",
                                                                "orders.o_comment"
                                                            ],
                                                            "Filter": "(orders.o_orderdate < '1995-03-23'::date)",
                                                            "Rows Removed by Filter": 767713
                                                        },
                                                        {
                                                            "Node Type": "Hash",
                                                            "Parent Relationship": "Inner",
                                                            "Parallel Aware": false,
                                                            "Async Capable": false,
                                                            "Startup Cost": 5459.0,
                                                            "Total Cost": 5459.0,
                                                            "Plan Rows": 30165,
                                                            "Plan Width": 4,
                                                            "Actual Startup Time": 95.638,
                                                            "Actual Total Time": 95.64,
                                                            "Actual Rows": 29949,
                                                            "Actual Loops": 1,
                                                            "Output": [
                                                                "customer.c_custkey"
                                                            ],
                                                            "Hash Buckets": 32768,
                                                            "Original Hash Buckets": 32768,
                                                            "Hash Batches": 1,
                                                            "Original Hash Batches": 1,
                                                            "Peak Memory Usage": 1309,
                                                            "Plans": [
                                                                {
                                                                    "Node Type": "Seq Scan",
                                                                    "Parent Relationship": "Outer",
                                                                    "Parallel Aware": false,
                                                                    "Async Capable": false,
                                                                    "Relation Name": "customer",
                                                                    "Schema": "public",
                                                                    "Alias": "customer",
                                                                    "Startup Cost": 0.0,
                                                                    "Total Cost": 5459.0,
                                                                    "Plan Rows": 30165,
                                                                    "Plan Width": 4,
                                                                    "Actual Startup Time": 0.011,
                                                                    "Actual Total Time": 84.132,
                                                                    "Actual Rows": 29949,
                                                                    "Actual Loops": 1,
                                                                    "Output": [
                                                                        "customer.c_custkey"
                                                                    ],
                                                                    "Filter": "(customer.c_mktsegment = 'MACHINERY'::bpchar)",
                                                                    "Rows Removed by Filter": 120051
                                                                }
                                                            ]
                                                        }
                                                    ]
                                                },
                                                {
                                                    "Node Type": "Index Scan",
                                                    "Parent Relationship": "Inner",
                                                    "Parallel Aware": false,
                                                    "Async Capable": false,
                                                    "Scan Direction": "Forward",
                                                    "Index Name": "lineitem_pkey",
                                                    "Relation Name": "lineitem",
                                                    "Schema": "public",
                                                    "Alias": "lineitem",
                                                    "Startup Cost": 0.43,
                                                    "Total Cost": 1.49,
                                                    "Plan Rows": 8,
                                                    "Plan Width": 16,
                                                    "Actual Startup Time": 0.019,
                                                    "Actual Total Time": 0.019,
                                                    "Actual Rows": 0,
                                                    "Actual Loops": 146204,
                                                    "Output": [
                                                        "lineitem.l_orderkey",
                                                        "lineitem.l_partkey",
                                                        "lineitem.l_suppkey",
                                                        "lineitem.l_linenumber",
                                                        "lineitem.l_quantity",
                                                        "lineitem.l_extendedprice",
                                                        "lineitem.l_discount",
                                                        "lineitem.l_tax",
                                                        "lineitem.l_returnflag",
                                                        "lineitem.l_linestatus",
                                                        "lineitem.l_shipdate",
                                                        "lineitem.l_commitdate",
                                                        "lineitem.l_receiptdate",
                                                        "lineitem.l_shipinstruct",
                                                        "lineitem.l_shipmode",
                                                        "lineitem.l_comment"
                                                    ],
                                                    "Index Cond": "(lineitem.l_orderkey = orders.o_orderkey)",
                                                    "Rows Removed by Index Recheck": 0,
                                                    "Filter": "(lineitem.l_shipdate > '1995-03-23'::date)",
                                                    "Rows Removed by Filter": 4
                                                }
                                            ]
                                        }
                                    ]
                                }
                            ]
                        }
                    ]
                },
                "Planning Time": 18.555,
                "Triggers": [],
                "Execution Time": 4327.428
            }
        ]
    ]
]