[
    [
        [
            {
                "Plan": {
                    "Node Type": "Sort",
                    "Parallel Aware": false,
                    "Async Capable": false,
                    "Startup Cost": 53908.54,
                    "Total Cost": 53908.96,
                    "Plan Rows": 170,
                    "Plan Width": 136,
                    "Actual Startup Time": 538.578,
                    "Actual Total Time": 538.589,
                    "Actual Rows": 0,
                    "Actual Loops": 1,
                    "Output": [
                        "nation.n_name",
                        "(sum((lineitem.l_extendedprice * ('1'::numeric - lineitem.l_discount))))"
                    ],
                    "Sort Key": [
                        "(sum((lineitem.l_extendedprice * ('1'::numeric - lineitem.l_discount)))) DESC"
                    ],
                    "Sort Method": "quicksort",
                    "Sort Space Used": 25,
                    "Sort Space Type": "Memory",
                    "Plans": [
                        {
                            "Node Type": "Aggregate",
                            "Strategy": "Sorted",
                            "Partial Mode": "Simple",
                            "Parent Relationship": "Outer",
                            "Parallel Aware": false,
                            "Async Capable": false,
                            "Startup Cost": 53897.32,
                            "Total Cost": 53902.24,
                            "Plan Rows": 170,
                            "Plan Width": 136,
                            "Actual Startup Time": 538.54,
                            "Actual Total Time": 538.551,
                            "Actual Rows": 0,
                            "Actual Loops": 1,
                            "Output": [
                                "nation.n_name",
                                "sum((lineitem.l_extendedprice * ('1'::numeric - lineitem.l_discount)))"
                            ],
                            "Group Key": [
                                "nation.n_name"
                            ],
                            "Plans": [
                                {
                                    "Node Type": "Sort",
                                    "Parent Relationship": "Outer",
                                    "Parallel Aware": false,
                                    "Async Capable": false,
                                    "Startup Cost": 53897.32,
                                    "Total Cost": 53897.88,
                                    "Plan Rows": 224,
                                    "Plan Width": 116,
                                    "Actual Startup Time": 538.537,
                                    "Actual Total Time": 538.547,
                                    "Actual Rows": 0,
                                    "Actual Loops": 1,
                                    "Output": [
                                        "nation.n_name",
                                        "lineitem.l_extendedprice",
                                        "lineitem.l_discount"
                                    ],
                                    "Sort Key": [
                                        "nation.n_name"
                                    ],
                                    "Sort Method": "quicksort",
                                    "Sort Space Used": 25,
                                    "Sort Space Type": "Memory",
                                    "Plans": [
                                        {
                                            "Node Type": "Hash Join",
                                            "Parent Relationship": "Outer",
                                            "Parallel Aware": false,
                                            "Async Capable": false,
                                            "Join Type": "Inner",
                                            "Startup Cost": 6146.08,
                                            "Total Cost": 53888.57,
                                            "Plan Rows": 224,
                                            "Plan Width": 116,
                                            "Actual Startup Time": 538.488,
                                            "Actual Total Time": 538.497,
                                            "Actual Rows": 0,
                                            "Actual Loops": 1,
                                            "Output": [
                                                "nation.n_name",
                                                "lineitem.l_extendedprice",
                                                "lineitem.l_discount"
                                            ],
                                            "Inner Unique": true,
                                            "Hash Cond": "((lineitem.l_suppkey = supplier.s_suppkey) AND (customer.c_nationkey = supplier.s_nationkey))",
                                            "Plans": [
                                                {
                                                    "Node Type": "Nested Loop",
                                                    "Parent Relationship": "Outer",
                                                    "Parallel Aware": false,
                                                    "Async Capable": false,
                                                    "Join Type": "Inner",
                                                    "Startup Cost": 5691.08,
                                                    "Total Cost": 53405.59,
                                                    "Plan Rows": 5329,
                                                    "Plan Width": 128,
                                                    "Actual Startup Time": 530.247,
                                                    "Actual Total Time": 530.255,
                                                    "Actual Rows": 0,
                                                    "Actual Loops": 1,
                                                    "Output": [
                                                        "customer.c_nationkey",
                                                        "lineitem.l_extendedprice",
                                                        "lineitem.l_discount",
                                                        "lineitem.l_suppkey",
                                                        "nation.n_name",
                                                        "nation.n_nationkey"
                                                    ],
                                                    "Inner Unique": false,
                                                    "Plans": [
                                                        {
                                                            "Node Type": "Hash Join",
                                                            "Parent Relationship": "Outer",
                                                            "Parallel Aware": false,
                                                            "Async Capable": false,
                                                            "Join Type": "Inner",
                                                            "Startup Cost": 5690.65,
                                                            "Total Cost": 49053.17,
                                                            "Plan Rows": 1332,
                                                            "Plan Width": 116,
                                                            "Actual Startup Time": 530.246,
                                                            "Actual Total Time": 530.253,
                                                            "Actual Rows": 0,
                                                            "Actual Loops": 1,
                                                            "Output": [
                                                                "customer.c_nationkey",
                                                                "orders.o_orderkey",
                                                                "nation.n_name",
                                                                "nation.n_nationkey"
                                                            ],
                                                            "Inner Unique": false,
                                                            "Hash Cond": "(orders.o_custkey = customer.c_custkey)",
                                                            "Plans": [
                                                                {
                                                                    "Node Type": "Seq Scan",
                                                                    "Parent Relationship": "Outer",
                                                                    "Parallel Aware": false,
                                                                    "Async Capable": false,
                                                                    "Relation Name": "orders",
                                                                    "Schema": "public",
                                                                    "Alias": "orders",
                                                                    "Startup Cost": 0.0,
                                                                    "Total Cost": 42500.0,
                                                                    "Plan Rows": 226454,
                                                                    "Plan Width": 8,
                                                                    "Actual Startup Time": 0.033,
                                                                    "Actual Total Time": 0.033,
                                                                    "Actual Rows": 1,
                                                                    "Actual Loops": 1,
                                                                    "Output": [
                                                                        "orders.o_orderkey",
                                                                        "orders.o_custkey",
                                                                        "orders.o_orderstatus",
                                                                        "orders.o_totalprice",
                                                                        "orders.o_orderdate",
                                                                        "orders.o_orderpriority",
                                                                        "orders.o_clerk",
                                                                        "orders.o_shippriority",
                                                                        "orders.o_comment"
                                                                    ],
                                                                    "Filter": "((orders.o_orderdate >= '1996-01-01'::date) AND (orders.o_orderdate < '1997-01-01 00:00:00'::timestamp without time zone))",
                                                                    "Rows Removed by Filter": 0
                                                                },
                                                                {
                                                                    "Node Type": "Hash",
                                                                    "Parent Relationship": "Inner",
                                                                    "Parallel Aware": false,
                                                                    "Async Capable": false,
                                                                    "Startup Cost": 5679.63,
                                                                    "Total Cost": 5679.63,
                                                                    "Plan Rows": 882,
                                                                    "Plan Width": 116,
                                                                    "Actual Startup Time": 530.197,
                                                                    "Actual Total Time": 530.203,
                                                                    "Actual Rows": 0,
                                                                    "Actual Loops": 1,
                                                                    "Output": [
                                                                        "customer.c_custkey",
                                                                        "customer.c_nationkey",
                                                                        "nation.n_name",
                                                                        "nation.n_nationkey"
                                                                    ],
                                                                    "Hash Buckets": 1024,
                                                                    "Original Hash Buckets": 1024,
                                                                    "Hash Batches": 1,
                                                                    "Original Hash Batches": 1,
                                                                    "Peak Memory Usage": 8,
                                                                    "Plans": [
                                                                        {
                                                                            "Node Type": "Hash Join",
                                                                            "Parent Relationship": "Outer",
                                                                            "Parallel Aware": false,
                                                                            "Async Capable": false,
                                                                            "Join Type": "Inner",
                                                                            "Startup Cost": 24.31,
                                                                            "Total Cost": 5679.63,
                                                                            "Plan Rows": 882,
                                                                            "Plan Width": 116,
                                                                            "Actual Startup Time": 530.195,
                                                                            "Actual Total Time": 530.201,
                                                                            "Actual Rows": 0,
                                                                            "Actual Loops": 1,
                                                                            "Output": [
                                                                                "customer.c_custkey",
                                                                                "customer.c_nationkey",
                                                                                "nation.n_name",
                                                                                "nation.n_nationkey"
                                                                            ],
                                                                            "Inner Unique": false,
                                                                            "Hash Cond": "(customer.c_nationkey = nation.n_nationkey)",
                                                                            "Plans": [
                                                                                {
                                                                                    "Node Type": "Seq Scan",
                                                                                    "Parent Relationship": "Outer",
                                                                                    "Parallel Aware": false,
                                                                                    "Async Capable": false,
                                                                                    "Relation Name": "customer",
                                                                                    "Schema": "public",
                                                                                    "Alias": "customer",
                                                                                    "Startup Cost": 0.0,
                                                                                    "Total Cost": 5084.0,
                                                                                    "Plan Rows": 150000,
                                                                                    "Plan Width": 8,
                                                                                    "Actual Startup Time": 0.016,
                                                                                    "Actual Total Time": 493.057,
                                                                                    "Actual Rows": 150000,
                                                                                    "Actual Loops": 1,
                                                                                    "Output": [
                                                                                        "customer.c_custkey",
                                                                                        "customer.c_name",
                                                                                        "customer.c_address",
                                                                                        "customer.c_nationkey",
                                                                                        "customer.c_phone",
                                                                                        "customer.c_acctbal",
                                                                                        "customer.c_mktsegment",
                                                                                        "customer.c_comment"
                                                                                    ]
                                                                                },
                                                                                {
                                                                                    "Node Type": "Hash",
                                                                                    "Parent Relationship": "Inner",
                                                                                    "Parallel Aware": false,
                                                                                    "Async Capable": false,
                                                                                    "Startup Cost": 24.29,
                                                                                    "Total Cost": 24.29,
                                                                                    "Plan Rows": 1,
                                                                                    "Plan Width": 108,
                                                                                    "Actual Startup Time": 0.928,
                                                                                    "Actual Total Time": 0.933,
                                                                                    "Actual Rows": 5,
                                                                                    "Actual Loops": 1,
                                                                                    "Output": [
                                                                                        "nation.n_name",
                                                                                        "nation.n_nationkey"
                                                                                    ],
                                                                                    "Hash Buckets": 1024,
                                                                                    "Original Hash Buckets": 1024,
                                                                                    "Hash Batches": 1,
                                                                                    "Original Hash Batches": 1,
                                                                                    "Peak Memory Usage": 9,
                                                                                    "Plans": [
                                                                                        {
                                                                                            "Node Type": "Hash Join",
                                                                                            "Parent Relationship": "Outer",
                                                                                            "Parallel Aware": false,
                                                                                            "Async Capable": false,
                                                                                            "Join Type": "Inner",
                                                                                            "Startup Cost": 12.14,
                                                                                            "Total Cost": 24.29,
                                                                                            "Plan Rows": 1,
                                                                                            "Plan Width": 108,
                                                                                            "Actual Startup Time": 0.913,
                                                                                            "Actual Total Time": 0.923,
                                                                                            "Actual Rows": 5,
                                                                                            "Actual Loops": 1,
                                                                                            "Output": [
                                                                                                "nation.n_name",
                                                                                                "nation.n_nationkey"
                                                                                            ],
                                                                                            "Inner Unique": true,
                                                                                            "Hash Cond": "(nation.n_regionkey = region.r_regionkey)",
                                                                                            "Plans": [
                                                                                                {
                                                                                                    "Node Type": "Seq Scan",
                                                                                                    "Parent Relationship": "Outer",
                                                                                                    "Parallel Aware": false,
                                                                                                    "Async Capable": false,
                                                                                                    "Relation Name": "nation",
                                                                                                    "Schema": "public",
                                                                                                    "Alias": "nation",
                                                                                                    "Startup Cost": 0.0,
                                                                                                    "Total Cost": 11.7,
                                                                                                    "Plan Rows": 170,
                                                                                                    "Plan Width": 112,
                                                                                                    "Actual Startup Time": 0.28,
                                                                                                    "Actual Total Time": 0.282,
                                                                                                    "Actual Rows": 25,
                                                                                                    "Actual Loops": 1,
                                                                                                    "Output": [
                                                                                                        "nation.n_nationkey",
                                                                                                        "nation.n_name",
                                                                                                        "nation.n_regionkey",
                                                                                                        "nation.n_comment"
                                                                                                    ]
                                                                                                },
                                                                                                {
                                                                                                    "Node Type": "Hash",
                                                                                                    "Parent Relationship": "Inner",
                                                                                                    "Parallel Aware": false,
                                                                                                    "Async Capable": false,
                                                                                                    "Startup Cost": 12.13,
                                                                                                    "Total Cost": 12.13,
                                                                                                    "Plan Rows": 1,
                                                                                                    "Plan Width": 4,
                                                                                                    "Actual Startup Time": 0.617,
                                                                                                    "Actual Total Time": 0.62,
                                                                                                    "Actual Rows": 1,
                                                                                                    "Actual Loops": 1,
                                                                                                    "Output": [
                                                                                                        "region.r_regionkey"
                                                                                                    ],
                                                                                                    "Hash Buckets": 1024,
                                                                                                    "Original Hash Buckets": 1024,
                                                                                                    "Hash Batches": 1,
                                                                                                    "Original Hash Batches": 1,
                                                                                                    "Peak Memory Usage": 9,
                                                                                                    "Plans": [
                                                                                                        {
                                                                                                            "Node Type": "Seq Scan",
                                                                                                            "Parent Relationship": "Outer",
                                                                                                            "Parallel Aware": false,
                                                                                                            "Async Capable": false,
                                                                                                            "Relation Name": "region",
                                                                                                            "Schema": "public",
                                                                                                            "Alias": "region",
                                                                                                            "Startup Cost": 0.0,
                                                                                                            "Total Cost": 12.13,
                                                                                                            "Plan Rows": 1,
                                                                                                            "Plan Width": 4,
                                                                                                            "Actual Startup Time": 0.603,
                                                                                                            "Actual Total Time": 0.605,
                                                                                                            "Actual Rows": 1,
                                                                                                            "Actual Loops": 1,
                                                                                                            "Output": [
                                                                                                                "region.r_regionkey"
                                                                                                            ],
                                                                                                            "Filter": "(region.r_name = 'EUROPE'::bpchar)",
                                                                                                            "Rows Removed by Filter": 4
                                                                                                        }
                                                                                                    ]
                                                                                                }
                                                                                            ]
                                                                                        }
                                                                                    ]
                                                                                }
                                                                            ]
                                                                        }
                                                                    ]
                                                                }
                                                            ]
                                                        },
                                                        {
                                                            "Node Type": "Index Scan",
                                                            "Parent Relationship": "Inner",
                                                            "Parallel Aware": false,
                                                            "Async Capable": false,
                                                            "Scan Direction": "Forward",
                                                            "Index Name": "lineitem_pkey",
                                                            "Relation Name": "lineitem",
                                                            "Schema": "public",
                                                            "Alias": "lineitem",
                                                            "Startup Cost": 0.43,
                                                            "Total Cost": 3.11,
                                                            "Plan Rows": 16,
                                                            "Plan Width": 20,
                                                            "Actual Startup Time": 0.0,
                                                            "Actual Total Time": 0.0,
                                                            "Actual Rows": 0,
                                                            "Actual Loops": 0,
                                                            "Output": [
                                                                "lineitem.l_orderkey",
                                                                "lineitem.l_partkey",
                                                                "lineitem.l_suppkey",
                                                                "lineitem.l_linenumber",
                                                                "lineitem.l_quantity",
                                                                "lineitem.l_extendedprice",
                                                                "lineitem.l_discount",
                                                                "lineitem.l_tax",
                                                                "lineitem.l_returnflag",
                                                                "lineitem.l_linestatus",
                                                                "lineitem.l_shipdate",
                                                                "lineitem.l_commitdate",
                                                                "lineitem.l_receiptdate",
                                                                "lineitem.l_shipinstruct",
                                                                "lineitem.l_shipmode",
                                                                "lineitem.l_comment"
                                                            ],
                                                            "Index Cond": "(lineitem.l_orderkey = orders.o_orderkey)",
                                                            "Rows Removed by Index Recheck": 0
                                                        }
                                                    ]
                                                },
                                                {
                                                    "Node Type": "Hash",
                                                    "Parent Relationship": "Inner",
                                                    "Parallel Aware": false,
                                                    "Async Capable": false,
                                                    "Startup Cost": 305.0,
                                                    "Total Cost": 305.0,
                                                    "Plan Rows": 10000,
                                                    "Plan Width": 8,
                                                    "Actual Startup Time": 8.179,
                                                    "Actual Total Time": 8.18,
                                                    "Actual Rows": 10000,
                                                    "Actual Loops": 1,
                                                    "Output": [
                                                        "supplier.s_suppkey",
                                                        "supplier.s_nationkey"
                                                    ],
                                                    "Hash Buckets": 16384,
                                                    "Original Hash Buckets": 16384,
                                                    "Hash Batches": 1,
                                                    "Original Hash Batches": 1,
                                                    "Peak Memory Usage": 519,
                                                    "Plans": [
                                                        {
                                                            "Node Type": "Seq Scan",
                                                            "Parent Relationship": "Outer",
                                                            "Parallel Aware": false,
                                                            "Async Capable": false,
                                                            "Relation Name": "supplier",
                                                            "Schema": "public",
                                                            "Alias": "supplier",
                                                            "Startup Cost": 0.0,
                                                            "Total Cost": 305.0,
                                                            "Plan Rows": 10000,
                                                            "Plan Width": 8,
                                                            "Actual Startup Time": 0.32,
                                                            "Actual Total Time": 5.568,
                                                            "Actual Rows": 10000,
                                                            "Actual Loops": 1,
                                                            "Output": [
                                                                "supplier.s_suppkey",
                                                                "supplier.s_nationkey"
                                                            ]
                                                        }
                                                    ]
                                                }
                                            ]
                                        }
                                    ]
                                }
                            ]
                        }
                    ]
                },
                "Planning Time": 18.765,
                "Triggers": [],
                "Execution Time": 538.909
            }
        ]
    ]
]