[
    [
        [
            {
                "Plan": {
                    "Node Type": "Aggregate",
                    "Strategy": "Plain",
                    "Partial Mode": "Simple",
                    "Parallel Aware": false,
                    "Async Capable": false,
                    "Startup Cost": 248091.97,
                    "Total Cost": 248091.98,
                    "Plan Rows": 1,
                    "Plan Width": 32,
                    "Actual Startup Time": 3134.575,
                    "Actual Total Time": 3134.577,
                    "Actual Rows": 1,
                    "Actual Loops": 1,
                    "Output": [
                        "sum((l_extendedprice * l_discount))"
                    ],
                    "Plans": [
                        {
                            "Node Type": "Seq Scan",
                            "Parent Relationship": "Outer",
                            "Parallel Aware": false,
                            "Async Capable": false,
                            "Relation Name": "lineitem",
                            "Schema": "public",
                            "Alias": "lineitem",
                            "Startup Cost": 0.0,
                            "Total Cost": 247525.21,
                            "Plan Rows": 113350,
                            "Plan Width": 12,
                            "Actual Startup Time": 0.517,
                            "Actual Total Time": 3053.43,
                            "Actual Rows": 115147,
                            "Actual Loops": 1,
                            "Output": [
                                "l_orderkey",
                                "l_partkey",
                                "l_suppkey",
                                "l_linenumber",
                                "l_quantity",
                                "l_extendedprice",
                                "l_discount",
                                "l_tax",
                                "l_returnflag",
                                "l_linestatus",
                                "l_shipdate",
                                "l_commitdate",
                                "l_receiptdate",
                                "l_shipinstruct",
                                "l_shipmode",
                                "l_comment"
                            ],
                            "Filter": "((lineitem.l_shipdate >= '1996-01-01'::date) AND (lineitem.l_shipdate < '1997-01-01 00:00:00'::timestamp without time zone) AND (lineitem.l_discount >= 0.01) AND (lineitem.l_discount <= 0.03) AND (lineitem.l_quantity < '24'::numeric))",
                            "Rows Removed by Filter": 5886068
                        }
                    ]
                },
                "Planning Time": 4.63,
                "Triggers": [],
                "Execution Time": 3134.843
            }
        ]
    ]
]