[
    [
        [
            {
                "Plan": {
                    "Node Type": "Aggregate",
                    "Strategy": "Sorted",
                    "Partial Mode": "Simple",
                    "Parallel Aware": false,
                    "Async Capable": false,
                    "Startup Cost": 60118.64,
                    "Total Cost": 60118.68,
                    "Plan Rows": 1,
                    "Plan Width": 64,
                    "Actual Startup Time": 103.448,
                    "Actual Total Time": 103.458,
                    "Actual Rows": 0,
                    "Actual Loops": 1,
                    "Output": [
                        "(EXTRACT(year FROM orders.o_orderdate))",
                        "(sum(CASE WHEN (n2.n_name = 'BRAZIL'::bpchar) THEN (lineitem.l_extendedprice * ('1'::numeric - lineitem.l_discount)) ELSE '0'::numeric END) / sum((lineitem.l_extendedprice * ('1'::numeric - lineitem.l_discount))))"
                    ],
                    "Group Key": [
                        "(EXTRACT(year FROM orders.o_orderdate))"
                    ],
                    "Plans": [
                        {
                            "Node Type": "Sort",
                            "Parent Relationship": "Outer",
                            "Parallel Aware": false,
                            "Async Capable": false,
                            "Startup Cost": 60118.64,
                            "Total Cost": 60118.64,
                            "Plan Rows": 1,
                            "Plan Width": 148,
                            "Actual Startup Time": 103.444,
                            "Actual Total Time": 103.454,
                            "Actual Rows": 0,
                            "Actual Loops": 1,
                            "Output": [
                                "(EXTRACT(year FROM orders.o_orderdate))",
                                "n2.n_name",
                                "lineitem.l_extendedprice",
                                "lineitem.l_discount"
                            ],
                            "Sort Key": [
                                "(EXTRACT(year FROM orders.o_orderdate))"
                            ],
                            "Sort Method": "quicksort",
                            "Sort Space Used": 25,
                            "Sort Space Type": "Memory",
                            "Plans": [
                                {
                                    "Node Type": "Nested Loop",
                                    "Parent Relationship": "Outer",
                                    "Parallel Aware": false,
                                    "Async Capable": false,
                                    "Join Type": "Inner",
                                    "Startup Cost": 5691.93,
                                    "Total Cost": 60118.63,
                                    "Plan Rows": 1,
                                    "Plan Width": 148,
                                    "Actual Startup Time": 103.42,
                                    "Actual Total Time": 103.429,
                                    "Actual Rows": 0,
                                    "Actual Loops": 1,
                                    "Output": [
                                        "EXTRACT(year FROM orders.o_orderdate)",
                                        "n2.n_name",
                                        "lineitem.l_extendedprice",
                                        "lineitem.l_discount"
                                    ],
                                    "Inner Unique": true,
                                    "Plans": [
                                        {
                                            "Node Type": "Nested Loop",
                                            "Parent Relationship": "Outer",
                                            "Parallel Aware": false,
                                            "Async Capable": false,
                                            "Join Type": "Inner",
                                            "Startup Cost": 5691.79,
                                            "Total Cost": 60118.46,
                                            "Plan Rows": 1,
                                            "Plan Width": 20,
                                            "Actual Startup Time": 103.419,
                                            "Actual Total Time": 103.428,
                                            "Actual Rows": 0,
                                            "Actual Loops": 1,
                                            "Output": [
                                                "lineitem.l_extendedprice",
                                                "lineitem.l_discount",
                                                "supplier.s_nationkey",
                                                "orders.o_orderdate"
                                            ],
                                            "Inner Unique": true,
                                            "Plans": [
                                                {
                                                    "Node Type": "Nested Loop",
                                                    "Parent Relationship": "Outer",
                                                    "Parallel Aware": false,
                                                    "Async Capable": false,
                                                    "Join Type": "Inner",
                                                    "Startup Cost": 5691.5,
                                                    "Total Cost": 60118.15,
                                                    "Plan Rows": 1,
                                                    "Plan Width": 20,
                                                    "Actual Startup Time": 103.419,
                                                    "Actual Total Time": 103.427,
                                                    "Actual Rows": 0,
                                                    "Actual Loops": 1,
                                                    "Output": [
                                                        "lineitem.l_extendedprice",
                                                        "lineitem.l_discount",
                                                        "lineitem.l_suppkey",
                                                        "orders.o_orderdate"
                                                    ],
                                                    "Inner Unique": true,
                                                    "Plans": [
                                                        {
                                                            "Node Type": "Nested Loop",
                                                            "Parent Relationship": "Outer",
                                                            "Parallel Aware": false,
                                                            "Async Capable": false,
                                                            "Join Type": "Inner",
                                                            "Startup Cost": 5691.08,
                                                            "Total Cost": 55413.53,
                                                            "Plan Rows": 10615,
                                                            "Plan Width": 24,
                                                            "Actual Startup Time": 103.418,
                                                            "Actual Total Time": 103.426,
                                                            "Actual Rows": 0,
                                                            "Actual Loops": 1,
                                                            "Output": [
                                                                "lineitem.l_extendedprice",
                                                                "lineitem.l_discount",
                                                                "lineitem.l_partkey",
                                                                "lineitem.l_suppkey",
                                                                "orders.o_orderdate"
                                                            ],
                                                            "Inner Unique": false,
                                                            "Plans": [
                                                                {
                                                                    "Node Type": "Hash Join",
                                                                    "Parent Relationship": "Outer",
                                                                    "Parallel Aware": false,
                                                                    "Async Capable": false,
                                                                    "Join Type": "Inner",
                                                                    "Startup Cost": 5690.65,
                                                                    "Total Cost": 49908.59,
                                                                    "Plan Rows": 2653,
                                                                    "Plan Width": 8,
                                                                    "Actual Startup Time": 103.418,
                                                                    "Actual Total Time": 103.425,
                                                                    "Actual Rows": 0,
                                                                    "Actual Loops": 1,
                                                                    "Output": [
                                                                        "orders.o_orderdate",
                                                                        "orders.o_orderkey"
                                                                    ],
                                                                    "Inner Unique": false,
                                                                    "Hash Cond": "(orders.o_custkey = customer.c_custkey)",
                                                                    "Plans": [
                                                                        {
                                                                            "Node Type": "Seq Scan",
                                                                            "Parent Relationship": "Outer",
                                                                            "Parallel Aware": false,
                                                                            "Async Capable": false,
                                                                            "Relation Name": "orders",
                                                                            "Schema": "public",
                                                                            "Alias": "orders",
                                                                            "Startup Cost": 0.0,
                                                                            "Total Cost": 42500.0,
                                                                            "Plan Rows": 451045,
                                                                            "Plan Width": 12,
                                                                            "Actual Startup Time": 0.032,
                                                                            "Actual Total Time": 0.033,
                                                                            "Actual Rows": 1,
                                                                            "Actual Loops": 1,
                                                                            "Output": [
                                                                                "orders.o_orderkey",
                                                                                "orders.o_custkey",
                                                                                "orders.o_orderstatus",
                                                                                "orders.o_totalprice",
                                                                                "orders.o_orderdate",
                                                                                "orders.o_orderpriority",
                                                                                "orders.o_clerk",
                                                                                "orders.o_shippriority",
                                                                                "orders.o_comment"
                                                                            ],
                                                                            "Filter": "((orders.o_orderdate >= '1995-01-01'::date) AND (orders.o_orderdate <= '1996-12-31'::date))",
                                                                            "Rows Removed by Filter": 0
                                                                        },
                                                                        {
                                                                            "Node Type": "Hash",
                                                                            "Parent Relationship": "Inner",
                                                                            "Parallel Aware": false,
                                                                            "Async Capable": false,
                                                                            "Startup Cost": 5679.63,
                                                                            "Total Cost": 5679.63,
                                                                            "Plan Rows": 882,
                                                                            "Plan Width": 4,
                                                                            "Actual Startup Time": 103.373,
                                                                            "Actual Total Time": 103.379,
                                                                            "Actual Rows": 0,
                                                                            "Actual Loops": 1,
                                                                            "Output": [
                                                                                "customer.c_custkey"
                                                                            ],
                                                                            "Hash Buckets": 1024,
                                                                            "Original Hash Buckets": 1024,
                                                                            "Hash Batches": 1,
                                                                            "Original Hash Batches": 1,
                                                                            "Peak Memory Usage": 8,
                                                                            "Plans": [
                                                                                {
                                                                                    "Node Type": "Hash Join",
                                                                                    "Parent Relationship": "Outer",
                                                                                    "Parallel Aware": false,
                                                                                    "Async Capable": false,
                                                                                    "Join Type": "Inner",
                                                                                    "Startup Cost": 24.31,
                                                                                    "Total Cost": 5679.63,
                                                                                    "Plan Rows": 882,
                                                                                    "Plan Width": 4,
                                                                                    "Actual Startup Time": 103.371,
                                                                                    "Actual Total Time": 103.376,
                                                                                    "Actual Rows": 0,
                                                                                    "Actual Loops": 1,
                                                                                    "Output": [
                                                                                        "customer.c_custkey"
                                                                                    ],
                                                                                    "Inner Unique": false,
                                                                                    "Hash Cond": "(customer.c_nationkey = n1.n_nationkey)",
                                                                                    "Plans": [
                                                                                        {
                                                                                            "Node Type": "Seq Scan",
                                                                                            "Parent Relationship": "Outer",
                                                                                            "Parallel Aware": false,
                                                                                            "Async Capable": false,
                                                                                            "Relation Name": "customer",
                                                                                            "Schema": "public",
                                                                                            "Alias": "customer",
                                                                                            "Startup Cost": 0.0,
                                                                                            "Total Cost": 5084.0,
                                                                                            "Plan Rows": 150000,
                                                                                            "Plan Width": 8,
                                                                                            "Actual Startup Time": 0.01,
                                                                                            "Actual Total Time": 73.055,
                                                                                            "Actual Rows": 150000,
                                                                                            "Actual Loops": 1,
                                                                                            "Output": [
                                                                                                "customer.c_custkey",
                                                                                                "customer.c_name",
                                                                                                "customer.c_address",
                                                                                                "customer.c_nationkey",
                                                                                                "customer.c_phone",
                                                                                                "customer.c_acctbal",
                                                                                                "customer.c_mktsegment",
                                                                                                "customer.c_comment"
                                                                                            ]
                                                                                        },
                                                                                        {
                                                                                            "Node Type": "Hash",
                                                                                            "Parent Relationship": "Inner",
                                                                                            "Parallel Aware": false,
                                                                                            "Async Capable": false,
                                                                                            "Startup Cost": 24.29,
                                                                                            "Total Cost": 24.29,
                                                                                            "Plan Rows": 1,
                                                                                            "Plan Width": 4,
                                                                                            "Actual Startup Time": 0.211,
                                                                                            "Actual Total Time": 0.216,
                                                                                            "Actual Rows": 5,
                                                                                            "Actual Loops": 1,
                                                                                            "Output": [
                                                                                                "n1.n_nationkey"
                                                                                            ],
                                                                                            "Hash Buckets": 1024,
                                                                                            "Original Hash Buckets": 1024,
                                                                                            "Hash Batches": 1,
                                                                                            "Original Hash Batches": 1,
                                                                                            "Peak Memory Usage": 9,
                                                                                            "Plans": [
                                                                                                {
                                                                                                    "Node Type": "Hash Join",
                                                                                                    "Parent Relationship": "Outer",
                                                                                                    "Parallel Aware": false,
                                                                                                    "Async Capable": false,
                                                                                                    "Join Type": "Inner",
                                                                                                    "Startup Cost": 12.14,
                                                                                                    "Total Cost": 24.29,
                                                                                                    "Plan Rows": 1,
                                                                                                    "Plan Width": 4,
                                                                                                    "Actual Startup Time": 0.202,
                                                                                                    "Actual Total Time": 0.212,
                                                                                                    "Actual Rows": 5,
                                                                                                    "Actual Loops": 1,
                                                                                                    "Output": [
                                                                                                        "n1.n_nationkey"
                                                                                                    ],
                                                                                                    "Inner Unique": true,
                                                                                                    "Hash Cond": "(n1.n_regionkey = region.r_regionkey)",
                                                                                                    "Plans": [
                                                                                                        {
                                                                                                            "Node Type": "Seq Scan",
                                                                                                            "Parent Relationship": "Outer",
                                                                                                            "Parallel Aware": false,
                                                                                                            "Async Capable": false,
                                                                                                            "Relation Name": "nation",
                                                                                                            "Schema": "public",
                                                                                                            "Alias": "n1",
                                                                                                            "Startup Cost": 0.0,
                                                                                                            "Total Cost": 11.7,
                                                                                                            "Plan Rows": 170,
                                                                                                            "Plan Width": 8,
                                                                                                            "Actual Startup Time": 0.024,
                                                                                                            "Actual Total Time": 0.026,
                                                                                                            "Actual Rows": 25,
                                                                                                            "Actual Loops": 1,
                                                                                                            "Output": [
                                                                                                                "n1.n_nationkey",
                                                                                                                "n1.n_name",
                                                                                                                "n1.n_regionkey",
                                                                                                                "n1.n_comment"
                                                                                                            ]
                                                                                                        },
                                                                                                        {
                                                                                                            "Node Type": "Hash",
                                                                                                            "Parent Relationship": "Inner",
                                                                                                            "Parallel Aware": false,
                                                                                                            "Async Capable": false,
                                                                                                            "Startup Cost": 12.13,
                                                                                                            "Total Cost": 12.13,
                                                                                                            "Plan Rows": 1,
                                                                                                            "Plan Width": 4,
                                                                                                            "Actual Startup Time": 0.093,
                                                                                                            "Actual Total Time": 0.096,
                                                                                                            "Actual Rows": 1,
                                                                                                            "Actual Loops": 1,
                                                                                                            "Output": [
                                                                                                                "region.r_regionkey"
                                                                                                            ],
                                                                                                            "Hash Buckets": 1024,
                                                                                                            "Original Hash Buckets": 1024,
                                                                                                            "Hash Batches": 1,
                                                                                                            "Original Hash Batches": 1,
                                                                                                            "Peak Memory Usage": 9,
                                                                                                            "Plans": [
                                                                                                                {
                                                                                                                    "Node Type": "Seq Scan",
                                                                                                                    "Parent Relationship": "Outer",
                                                                                                                    "Parallel Aware": false,
                                                                                                                    "Async Capable": false,
                                                                                                                    "Relation Name": "region",
                                                                                                                    "Schema": "public",
                                                                                                                    "Alias": "region",
                                                                                                                    "Startup Cost": 0.0,
                                                                                                                    "Total Cost": 12.13,
                                                                                                                    "Plan Rows": 1,
                                                                                                                    "Plan Width": 4,
                                                                                                                    "Actual Startup Time": 0.086,
                                                                                                                    "Actual Total Time": 0.087,
                                                                                                                    "Actual Rows": 1,
                                                                                                                    "Actual Loops": 1,
                                                                                                                    "Output": [
                                                                                                                        "region.r_regionkey"
                                                                                                                    ],
                                                                                                                    "Filter": "(region.r_name = 'AMERICA'::bpchar)",
                                                                                                                    "Rows Removed by Filter": 4
                                                                                                                }
                                                                                                            ]
                                                                                                        }
                                                                                                    ]
                                                                                                }
                                                                                            ]
                                                                                        }
                                                                                    ]
                                                                                }
                                                                            ]
                                                                        }
                                                                    ]
                                                                },
                                                                {
                                                                    "Node Type": "Index Scan",
                                                                    "Parent Relationship": "Inner",
                                                                    "Parallel Aware": false,
                                                                    "Async Capable": false,
                                                                    "Scan Direction": "Forward",
                                                                    "Index Name": "lineitem_pkey",
                                                                    "Relation Name": "lineitem",
                                                                    "Schema": "public",
                                                                    "Alias": "lineitem",
                                                                    "Startup Cost": 0.43,
                                                                    "Total Cost": 1.91,
                                                                    "Plan Rows": 16,
                                                                    "Plan Width": 24,
                                                                    "Actual Startup Time": 0.0,
                                                                    "Actual Total Time": 0.0,
                                                                    "Actual Rows": 0,
                                                                    "Actual Loops": 0,
                                                                    "Output": [
                                                                        "lineitem.l_orderkey",
                                                                        "lineitem.l_partkey",
                                                                        "lineitem.l_suppkey",
                                                                        "lineitem.l_linenumber",
                                                                        "lineitem.l_quantity",
                                                                        "lineitem.l_extendedprice",
                                                                        "lineitem.l_discount",
                                                                        "lineitem.l_tax",
                                                                        "lineitem.l_returnflag",
                                                                        "lineitem.l_linestatus",
                                                                        "lineitem.l_shipdate",
                                                                        "lineitem.l_commitdate",
                                                                        "lineitem.l_receiptdate",
                                                                        "lineitem.l_shipinstruct",
                                                                        "lineitem.l_shipmode",
                                                                        "lineitem.l_comment"
                                                                    ],
                                                                    "Index Cond": "(lineitem.l_orderkey = orders.o_orderkey)",
                                                                    "Rows Removed by Index Recheck": 0
                                                                }
                                                            ]
                                                        },
                                                        {
                                                            "Node Type": "Index Scan",
                                                            "Parent Relationship": "Inner",
                                                            "Parallel Aware": false,
                                                            "Async Capable": false,
                                                            "Scan Direction": "Forward",
                                                            "Index Name": "part_pkey",
                                                            "Relation Name": "part",
                                                            "Schema": "public",
                                                            "Alias": "part",
                                                            "Startup Cost": 0.42,
                                                            "Total Cost": 0.44,
                                                            "Plan Rows": 1,
                                                            "Plan Width": 4,
                                                            "Actual Startup Time": 0.0,
                                                            "Actual Total Time": 0.0,
                                                            "Actual Rows": 0,
                                                            "Actual Loops": 0,
                                                            "Output": [
                                                                "part.p_partkey",
                                                                "part.p_name",
                                                                "part.p_mfgr",
                                                                "part.p_brand",
                                                                "part.p_type",
                                                                "part.p_size",
                                                                "part.p_container",
                                                                "part.p_retailprice",
                                                                "part.p_comment"
                                                            ],
                                                            "Index Cond": "(part.p_partkey = lineitem.l_partkey)",
                                                            "Rows Removed by Index Recheck": 0,
                                                            "Filter": "((part.p_type)::text = 'LARGE ANODIZED COPPER'::text)",
                                                            "Rows Removed by Filter": 0
                                                        }
                                                    ]
                                                },
                                                {
                                                    "Node Type": "Index Scan",
                                                    "Parent Relationship": "Inner",
                                                    "Parallel Aware": false,
                                                    "Async Capable": false,
                                                    "Scan Direction": "Forward",
                                                    "Index Name": "supplier_pkey",
                                                    "Relation Name": "supplier",
                                                    "Schema": "public",
                                                    "Alias": "supplier",
                                                    "Startup Cost": 0.29,
                                                    "Total Cost": 0.3,
                                                    "Plan Rows": 1,
                                                    "Plan Width": 8,
                                                    "Actual Startup Time": 0.0,
                                                    "Actual Total Time": 0.0,
                                                    "Actual Rows": 0,
                                                    "Actual Loops": 0,
                                                    "Output": [
                                                        "supplier.s_suppkey",
                                                        "supplier.s_name",
                                                        "supplier.s_address",
                                                        "supplier.s_nationkey",
                                                        "supplier.s_phone",
                                                        "supplier.s_acctbal",
                                                        "supplier.s_comment"
                                                    ],
                                                    "Index Cond": "(supplier.s_suppkey = lineitem.l_suppkey)",
                                                    "Rows Removed by Index Recheck": 0
                                                }
                                            ]
                                        },
                                        {
                                            "Node Type": "Index Scan",
                                            "Parent Relationship": "Inner",
                                            "Parallel Aware": false,
                                            "Async Capable": false,
                                            "Scan Direction": "Forward",
                                            "Index Name": "nation_pkey",
                                            "Relation Name": "nation",
                                            "Schema": "public",
                                            "Alias": "n2",
                                            "Startup Cost": 0.14,
                                            "Total Cost": 0.17,
                                            "Plan Rows": 1,
                                            "Plan Width": 108,
                                            "Actual Startup Time": 0.0,
                                            "Actual Total Time": 0.0,
                                            "Actual Rows": 0,
                                            "Actual Loops": 0,
                                            "Output": [
                                                "n2.n_nationkey",
                                                "n2.n_name",
                                                "n2.n_regionkey",
                                                "n2.n_comment"
                                            ],
                                            "Index Cond": "(n2.n_nationkey = supplier.s_nationkey)",
                                            "Rows Removed by Index Recheck": 0
                                        }
                                    ]
                                }
                            ]
                        }
                    ]
                },
                "Planning Time": 19.581,
                "Triggers": [],
                "Execution Time": 103.653
            }
        ]
    ]
]