[
    [
        [
            {
                "Plan": {
                    "Node Type": "Limit",
                    "Parallel Aware": false,
                    "Async Capable": false,
                    "Startup Cost": 36375.65,
                    "Total Cost": 36375.66,
                    "Plan Rows": 1,
                    "Plan Width": 256,
                    "Plans": [
                        {
                            "Node Type": "Sort",
                            "Parent Relationship": "Outer",
                            "Parallel Aware": false,
                            "Async Capable": false,
                            "Startup Cost": 36375.65,
                            "Total Cost": 36375.66,
                            "Plan Rows": 1,
                            "Plan Width": 256,
                            "Sort Key": [
                                "supplier.s_acctbal DESC",
                                "nation.n_name",
                                "supplier.s_name",
                                "part.p_partkey"
                            ],
                            "Plans": [
                                {
                                    "Node Type": "Hash Join",
                                    "Parent Relationship": "Outer",
                                    "Parallel Aware": false,
                                    "Async Capable": false,
                                    "Join Type": "Inner",
                                    "Startup Cost": 28936.92,
                                    "Total Cost": 36375.64,
                                    "Plan Rows": 1,
                                    "Plan Width": 256,
                                    "Inner Unique": false,
                                    "Hash Cond": "((part.p_partkey = partsupp.ps_partkey) AND ((SubPlan 1) = partsupp.ps_supplycost))",
                                    "Plans": [
                                        {
                                            "Node Type": "Seq Scan",
                                            "Parent Relationship": "Outer",
                                            "Parallel Aware": false,
                                            "Async Capable": false,
                                            "Relation Name": "part",
                                            "Alias": "part",
                                            "Startup Cost": 0.0,
                                            "Total Cost": 7254.0,
                                            "Plan Rows": 1,
                                            "Plan Width": 30,
                                            "Filter": "(((p_type)::text ~~ '%STEEL'::text) AND (p_size = 48))"
                                        },
                                        {
                                            "Node Type": "Hash",
                                            "Parent Relationship": "Inner",
                                            "Parallel Aware": false,
                                            "Async Capable": false,
                                            "Startup Cost": 28866.33,
                                            "Total Cost": 28866.33,
                                            "Plan Rows": 4706,
                                            "Plan Width": 236,
                                            "Plans": [
                                                {
                                                    "Node Type": "Hash Join",
                                                    "Parent Relationship": "Outer",
                                                    "Parallel Aware": false,
                                                    "Async Capable": false,
                                                    "Join Type": "Inner",
                                                    "Startup Cost": 368.13,
                                                    "Total Cost": 28866.33,
                                                    "Plan Rows": 4706,
                                                    "Plan Width": 236,
                                                    "Inner Unique": false,
                                                    "Hash Cond": "(partsupp.ps_suppkey = supplier.s_suppkey)",
                                                    "Plans": [
                                                        {
                                                            "Node Type": "Seq Scan",
                                                            "Parent Relationship": "Outer",
                                                            "Parallel Aware": false,
                                                            "Async Capable": false,
                                                            "Relation Name": "partsupp",
                                                            "Alias": "partsupp",
                                                            "Startup Cost": 0.0,
                                                            "Total Cost": 25451.0,
                                                            "Plan Rows": 800000,
                                                            "Plan Width": 14
                                                        },
                                                        {
                                                            "Node Type": "Hash",
                                                            "Parent Relationship": "Inner",
                                                            "Parallel Aware": false,
                                                            "Async Capable": false,
                                                            "Startup Cost": 367.4,
                                                            "Total Cost": 367.4,
                                                            "Plan Rows": 59,
                                                            "Plan Width": 230,
                                                            "Plans": [
                                                                {
                                                                    "Node Type": "Hash Join",
                                                                    "Parent Relationship": "Outer",
                                                                    "Parallel Aware": false,
                                                                    "Async Capable": false,
                                                                    "Join Type": "Inner",
                                                                    "Startup Cost": 24.31,
                                                                    "Total Cost": 367.4,
                                                                    "Plan Rows": 59,
                                                                    "Plan Width": 230,
                                                                    "Inner Unique": false,
                                                                    "Hash Cond": "(supplier.s_nationkey = nation.n_nationkey)",
                                                                    "Plans": [
                                                                        {
                                                                            "Node Type": "Seq Scan",
                                                                            "Parent Relationship": "Outer",
                                                                            "Parallel Aware": false,
                                                                            "Async Capable": false,
                                                                            "Relation Name": "supplier",
                                                                            "Alias": "supplier",
                                                                            "Startup Cost": 0.0,
                                                                            "Total Cost": 305.0,
                                                                            "Plan Rows": 10000,
                                                                            "Plan Width": 130
                                                                        },
                                                                        {
                                                                            "Node Type": "Hash",
                                                                            "Parent Relationship": "Inner",
                                                                            "Parallel Aware": false,
                                                                            "Async Capable": false,
                                                                            "Startup Cost": 24.29,
                                                                            "Total Cost": 24.29,
                                                                            "Plan Rows": 1,
                                                                            "Plan Width": 108,
                                                                            "Plans": [
                                                                                {
                                                                                    "Node Type": "Hash Join",
                                                                                    "Parent Relationship": "Outer",
                                                                                    "Parallel Aware": false,
                                                                                    "Async Capable": false,
                                                                                    "Join Type": "Inner",
                                                                                    "Startup Cost": 12.14,
                                                                                    "Total Cost": 24.29,
                                                                                    "Plan Rows": 1,
                                                                                    "Plan Width": 108,
                                                                                    "Inner Unique": true,
                                                                                    "Hash Cond": "(nation.n_regionkey = region.r_regionkey)",
                                                                                    "Plans": [
                                                                                        {
                                                                                            "Node Type": "Seq Scan",
                                                                                            "Parent Relationship": "Outer",
                                                                                            "Parallel Aware": false,
                                                                                            "Async Capable": false,
                                                                                            "Relation Name": "nation",
                                                                                            "Alias": "nation",
                                                                                            "Startup Cost": 0.0,
                                                                                            "Total Cost": 11.7,
                                                                                            "Plan Rows": 170,
                                                                                            "Plan Width": 112
                                                                                        },
                                                                                        {
                                                                                            "Node Type": "Hash",
                                                                                            "Parent Relationship": "Inner",
                                                                                            "Parallel Aware": false,
                                                                                            "Async Capable": false,
                                                                                            "Startup Cost": 12.13,
                                                                                            "Total Cost": 12.13,
                                                                                            "Plan Rows": 1,
                                                                                            "Plan Width": 4,
                                                                                            "Plans": [
                                                                                                {
                                                                                                    "Node Type": "Seq Scan",
                                                                                                    "Parent Relationship": "Outer",
                                                                                                    "Parallel Aware": false,
                                                                                                    "Async Capable": false,
                                                                                                    "Relation Name": "region",
                                                                                                    "Alias": "region",
                                                                                                    "Startup Cost": 0.0,
                                                                                                    "Total Cost": 12.13,
                                                                                                    "Plan Rows": 1,
                                                                                                    "Plan Width": 4,
                                                                                                    "Filter": "(r_name = 'EUROPE'::bpchar)"
                                                                                                }
                                                                                            ]
                                                                                        }
                                                                                    ]
                                                                                }
                                                                            ]
                                                                        }
                                                                    ]
                                                                }
                                                            ]
                                                        }
                                                    ]
                                                }
                                            ]
                                        },
                                        {
                                            "Node Type": "Aggregate",
                                            "Strategy": "Plain",
                                            "Partial Mode": "Simple",
                                            "Parent Relationship": "SubPlan",
                                            "Subplan Name": "SubPlan 1",
                                            "Parallel Aware": false,
                                            "Async Capable": false,
                                            "Startup Cost": 369.39,
                                            "Total Cost": 369.4,
                                            "Plan Rows": 1,
                                            "Plan Width": 32,
                                            "Plans": [
                                                {
                                                    "Node Type": "Hash Join",
                                                    "Parent Relationship": "Outer",
                                                    "Parallel Aware": false,
                                                    "Async Capable": false,
                                                    "Join Type": "Inner",
                                                    "Startup Cost": 38.1,
                                                    "Total Cost": 369.39,
                                                    "Plan Rows": 1,
                                                    "Plan Width": 6,
                                                    "Inner Unique": false,
                                                    "Hash Cond": "(supplier_1.s_nationkey = nation_1.n_nationkey)",
                                                    "Plans": [
                                                        {
                                                            "Node Type": "Hash Join",
                                                            "Parent Relationship": "Outer",
                                                            "Parallel Aware": false,
                                                            "Async Capable": false,
                                                            "Join Type": "Inner",
                                                            "Startup Cost": 13.8,
                                                            "Total Cost": 345.06,
                                                            "Plan Rows": 4,
                                                            "Plan Width": 10,
                                                            "Inner Unique": true,
                                                            "Hash Cond": "(supplier_1.s_suppkey = partsupp_1.ps_suppkey)",
                                                            "Plans": [
                                                                {
                                                                    "Node Type": "Seq Scan",
                                                                    "Parent Relationship": "Outer",
                                                                    "Parallel Aware": false,
                                                                    "Async Capable": false,
                                                                    "Relation Name": "supplier",
                                                                    "Alias": "supplier_1",
                                                                    "Startup Cost": 0.0,
                                                                    "Total Cost": 305.0,
                                                                    "Plan Rows": 10000,
                                                                    "Plan Width": 8
                                                                },
                                                                {
                                                                    "Node Type": "Hash",
                                                                    "Parent Relationship": "Inner",
                                                                    "Parallel Aware": false,
                                                                    "Async Capable": false,
                                                                    "Startup Cost": 13.75,
                                                                    "Total Cost": 13.75,
                                                                    "Plan Rows": 4,
                                                                    "Plan Width": 10,
                                                                    "Plans": [
                                                                        {
                                                                            "Node Type": "Index Scan",
                                                                            "Parent Relationship": "Outer",
                                                                            "Parallel Aware": false,
                                                                            "Async Capable": false,
                                                                            "Scan Direction": "Forward",
                                                                            "Index Name": "partsupp_pkey",
                                                                            "Relation Name": "partsupp",
                                                                            "Alias": "partsupp_1",
                                                                            "Startup Cost": 0.42,
                                                                            "Total Cost": 13.75,
                                                                            "Plan Rows": 4,
                                                                            "Plan Width": 10,
                                                                            "Index Cond": "(ps_partkey = part.p_partkey)"
                                                                        }
                                                                    ]
                                                                }
                                                            ]
                                                        },
                                                        {
                                                            "Node Type": "Hash",
                                                            "Parent Relationship": "Inner",
                                                            "Parallel Aware": false,
                                                            "Async Capable": false,
                                                            "Startup Cost": 24.29,
                                                            "Total Cost": 24.29,
                                                            "Plan Rows": 1,
                                                            "Plan Width": 4,
                                                            "Plans": [
                                                                {
                                                                    "Node Type": "Hash Join",
                                                                    "Parent Relationship": "Outer",
                                                                    "Parallel Aware": false,
                                                                    "Async Capable": false,
                                                                    "Join Type": "Inner",
                                                                    "Startup Cost": 12.14,
                                                                    "Total Cost": 24.29,
                                                                    "Plan Rows": 1,
                                                                    "Plan Width": 4,
                                                                    "Inner Unique": true,
                                                                    "Hash Cond": "(nation_1.n_regionkey = region_1.r_regionkey)",
                                                                    "Plans": [
                                                                        {
                                                                            "Node Type": "Seq Scan",
                                                                            "Parent Relationship": "Outer",
                                                                            "Parallel Aware": false,
                                                                            "Async Capable": false,
                                                                            "Relation Name": "nation",
                                                                            "Alias": "nation_1",
                                                                            "Startup Cost": 0.0,
                                                                            "Total Cost": 11.7,
                                                                            "Plan Rows": 170,
                                                                            "Plan Width": 8
                                                                        },
                                                                        {
                                                                            "Node Type": "Hash",
                                                                            "Parent Relationship": "Inner",
                                                                            "Parallel Aware": false,
                                                                            "Async Capable": false,
                                                                            "Startup Cost": 12.13,
                                                                            "Total Cost": 12.13,
                                                                            "Plan Rows": 1,
                                                                            "Plan Width": 4,
                                                                            "Plans": [
                                                                                {
                                                                                    "Node Type": "Seq Scan",
                                                                                    "Parent Relationship": "Outer",
                                                                                    "Parallel Aware": false,
                                                                                    "Async Capable": false,
                                                                                    "Relation Name": "region",
                                                                                    "Alias": "region_1",
                                                                                    "Startup Cost": 0.0,
                                                                                    "Total Cost": 12.13,
                                                                                    "Plan Rows": 1,
                                                                                    "Plan Width": 4,
                                                                                    "Filter": "(r_name = 'EUROPE'::bpchar)"
                                                                                }
                                                                            ]
                                                                        }
                                                                    ]
                                                                }
                                                            ]
                                                        }
                                                    ]
                                                }
                                            ]
                                        }
                                    ]
                                }
                            ]
                        }
                    ]
                }
            }
        ]
    ]
]